{"ts": "2025-10-29T11:53:11.863781", "level": "INFO", "phase": "sync", "message": "history sync start BTC/USDT tfs=['15m', '1h', '4h', '1d', '1w'] years=1 mode=full", "data": {}}
{"ts": "2025-10-29T11:53:11.877022", "level": "INFO", "phase": "sync", "message": "fetch BTC/USDT 15m", "data": {}}
{"ts": "2025-10-29T11:53:32.744593", "level": "INFO", "phase": "sync", "message": "fetch BTC/USDT 1h", "data": {}}
{"ts": "2025-10-29T11:53:36.976339", "level": "INFO", "phase": "sync", "message": "fetch BTC/USDT 4h", "data": {}}
{"ts": "2025-10-29T11:53:38.258943", "level": "INFO", "phase": "sync", "message": "fetch BTC/USDT 1d", "data": {}}
{"ts": "2025-10-29T11:53:38.624322", "level": "INFO", "phase": "sync", "message": "fetch BTC/USDT 1w", "data": {}}
{"ts": "2025-10-29T11:53:38.954847", "level": "INFO", "phase": "sync", "message": "history sync complete", "data": {}}
{"ts": "2025-10-29T11:53:38.964698", "level": "INFO", "phase": "train", "message": "train start BTC/USDT tfs=['15m', '1h', '4h', '1d', '1w'] mode=full", "data": {}}
{"ts": "2025-10-29T11:53:39.020318", "level": "INFO", "phase": "train", "message": "train complete BTC/USDT", "data": {}}
{"ts": "2025-10-29T11:53:39.028921", "level": "INFO", "phase": "optimize", "message": "opt start BTC/USDT tfs=['15m', '1h', '4h', '1d', '1w']", "data": {"workers": 24}}
{"ts": "2025-10-29T11:53:43.140846", "level": "DEBUG", "phase": "optimize", "message": "tf 15m step 10/2304", "data": {"best": {"winrate": 0.0, "count": 0}}}
{"ts": "2025-10-29T11:53:47.168285", "level": "DEBUG", "phase": "optimize", "message": "tf 15m step 20/2304", "data": {"best": {"winrate": 0.0, "count": 0}}}
{"ts": "2025-10-29T11:53:51.212101", "level": "DEBUG", "phase": "optimize", "message": "tf 15m step 30/2304", "data": {"best": {"winrate": 0.0, "count": 0}}}
{"ts": "2025-10-29T11:53:55.257956", "level": "DEBUG", "phase": "optimize", "message": "tf 15m step 40/2304", "data": {"best": {"winrate": 0.0, "count": 0}}}
{"ts": "2025-10-29T11:53:59.324835", "level": "DEBUG", "phase": "optimize", "message": "tf 15m step 50/2304", "data": {"best": {"winrate": 0.0, "count": 0}}}
{"ts": "2025-10-29T11:54:03.357862", "level": "DEBUG", "phase": "optimize", "message": "tf 15m step 60/2304", "data": {"best": {"winrate": 0.0, "count": 0}}}
{"ts": "2025-10-29T11:54:07.428710", "level": "DEBUG", "phase": "optimize", "message": "tf 15m step 70/2304", "data": {"best": {"winrate": 0.0, "count": 0}}}
{"ts": "2025-10-29T11:54:11.502084", "level": "DEBUG", "phase": "optimize", "message": "tf 15m step 80/2304", "data": {"best": {"winrate": 0.0, "count": 0}}}
{"ts": "2025-10-29T11:54:15.919965", "level": "DEBUG", "phase": "optimize", "message": "tf 15m step 90/2304", "data": {"best": {"winrate": 0.0, "count": 0}}}
{"ts": "2025-10-29T11:54:20.073897", "level": "DEBUG", "phase": "optimize", "message": "tf 15m step 100/2304", "data": {"best": {"winrate": 0.0, "count": 0}}}
{"ts": "2025-10-29T11:54:24.479975", "level": "DEBUG", "phase": "optimize", "message": "tf 15m step 110/2304", "data": {"best": {"winrate": 0.0, "count": 0}}}
{"ts": "2025-10-29T11:54:28.502256", "level": "DEBUG", "phase": "optimize", "message": "tf 15m step 120/2304", "data": {"best": {"winrate": 0.0, "count": 0}}}
{"ts": "2025-10-29T11:54:32.557998", "level": "DEBUG", "phase": "optimize", "message": "tf 15m step 130/2304", "data": {"best": {"winrate": 0.0, "count": 0}}}
{"ts": "2025-10-29T11:54:36.581442", "level": "DEBUG", "phase": "optimize", "message": "tf 15m step 140/2304", "data": {"best": {"winrate": 0.0, "count": 0}}}
{"ts": "2025-10-29T11:54:40.641299", "level": "DEBUG", "phase": "optimize", "message": "tf 15m step 150/2304", "data": {"best": {"winrate": 0.0, "count": 0}}}
{"ts": "2025-10-29T11:54:40.647437", "level": "DEBUG", "phase": "optimize", "message": "tf 15m step 150/2304", "data": {"best": {"winrate": 0.0, "count": 0}}}
{"ts": "2025-10-29T11:54:44.321026", "level": "DEBUG", "phase": "optimize", "message": "tf 1h step 10/2304", "data": {"best": {"winrate": 0.0, "count": 0}}}
{"ts": "2025-10-29T11:54:47.912325", "level": "DEBUG", "phase": "optimize", "message": "tf 1h step 20/2304", "data": {"best": {"winrate": 0.0, "count": 0}}}
{"ts": "2025-10-29T11:54:51.526371", "level": "DEBUG", "phase": "optimize", "message": "tf 1h step 30/2304", "data": {"best": {"winrate": 0.0, "count": 0}}}
{"ts": "2025-10-29T11:54:55.152438", "level": "DEBUG", "phase": "optimize", "message": "tf 1h step 40/2304", "data": {"best": {"winrate": 0.0, "count": 0}}}
{"ts": "2025-10-29T11:54:58.753147", "level": "DEBUG", "phase": "optimize", "message": "tf 1h step 50/2304", "data": {"best": {"winrate": 0.0, "count": 0}}}
{"ts": "2025-10-29T11:55:02.374988", "level": "DEBUG", "phase": "optimize", "message": "tf 1h step 60/2304", "data": {"best": {"winrate": 0.0, "count": 0}}}
{"ts": "2025-10-29T11:55:05.990719", "level": "DEBUG", "phase": "optimize", "message": "tf 1h step 70/2304", "data": {"best": {"winrate": 0.0, "count": 0}}}
{"ts": "2025-10-29T11:55:09.591694", "level": "DEBUG", "phase": "optimize", "message": "tf 1h step 80/2304", "data": {"best": {"winrate": 0.0, "count": 0}}}
{"ts": "2025-10-29T11:55:13.208307", "level": "DEBUG", "phase": "optimize", "message": "tf 1h step 90/2304", "data": {"best": {"winrate": 0.0, "count": 0}}}
{"ts": "2025-10-29T11:55:16.807121", "level": "DEBUG", "phase": "optimize", "message": "tf 1h step 100/2304", "data": {"best": {"winrate": 0.0, "count": 0}}}
{"ts": "2025-10-29T11:55:20.446041", "level": "DEBUG", "phase": "optimize", "message": "tf 1h step 110/2304", "data": {"best": {"winrate": 0.0, "count": 0}}}
{"ts": "2025-10-29T11:55:24.074380", "level": "DEBUG", "phase": "optimize", "message": "tf 1h step 120/2304", "data": {"best": {"winrate": 0.0, "count": 0}}}
{"ts": "2025-10-29T11:55:27.682179", "level": "DEBUG", "phase": "optimize", "message": "tf 1h step 130/2304", "data": {"best": {"winrate": 0.0, "count": 0}}}
{"ts": "2025-10-29T11:55:31.283172", "level": "DEBUG", "phase": "optimize", "message": "tf 1h step 140/2304", "data": {"best": {"winrate": 0.0, "count": 0}}}
{"ts": "2025-10-29T11:55:34.907888", "level": "DEBUG", "phase": "optimize", "message": "tf 1h step 150/2304", "data": {"best": {"winrate": 0.0, "count": 0}}}
{"ts": "2025-10-29T11:55:34.916476", "level": "DEBUG", "phase": "optimize", "message": "tf 1h step 150/2304", "data": {"best": {"winrate": 0.0, "count": 0}}}
{"ts": "2025-10-29T11:55:36.545798", "level": "DEBUG", "phase": "optimize", "message": "tf 4h step 10/2304", "data": {"best": {"winrate": 0.0, "count": 0}}}
{"ts": "2025-10-29T11:55:38.111208", "level": "DEBUG", "phase": "optimize", "message": "tf 4h step 20/2304", "data": {"best": {"winrate": 0.0, "count": 0}}}
{"ts": "2025-10-29T11:55:39.671682", "level": "DEBUG", "phase": "optimize", "message": "tf 4h step 30/2304", "data": {"best": {"winrate": 0.0, "count": 0}}}
{"ts": "2025-10-29T11:55:41.233791", "level": "DEBUG", "phase": "optimize", "message": "tf 4h step 40/2304", "data": {"best": {"winrate": 0.0, "count": 0}}}
{"ts": "2025-10-29T11:55:42.819271", "level": "DEBUG", "phase": "optimize", "message": "tf 4h step 50/2304", "data": {"best": {"winrate": 0.0, "count": 0}}}
{"ts": "2025-10-29T11:55:44.400840", "level": "DEBUG", "phase": "optimize", "message": "tf 4h step 60/2304", "data": {"best": {"winrate": 0.0, "count": 0}}}
{"ts": "2025-10-29T11:55:45.965839", "level": "DEBUG", "phase": "optimize", "message": "tf 4h step 70/2304", "data": {"best": {"winrate": 0.0, "count": 0}}}
{"ts": "2025-10-29T11:55:47.541056", "level": "DEBUG", "phase": "optimize", "message": "tf 4h step 80/2304", "data": {"best": {"winrate": 0.0, "count": 0}}}
{"ts": "2025-10-29T11:55:49.095635", "level": "DEBUG", "phase": "optimize", "message": "tf 4h step 90/2304", "data": {"best": {"winrate": 0.0, "count": 0}}}
{"ts": "2025-10-29T11:55:50.685818", "level": "DEBUG", "phase": "optimize", "message": "tf 4h step 100/2304", "data": {"best": {"winrate": 0.0, "count": 0}}}
{"ts": "2025-10-29T11:55:52.279001", "level": "DEBUG", "phase": "optimize", "message": "tf 4h step 110/2304", "data": {"best": {"winrate": 0.0, "count": 0}}}
{"ts": "2025-10-29T11:55:53.859715", "level": "DEBUG", "phase": "optimize", "message": "tf 4h step 120/2304", "data": {"best": {"winrate": 0.0, "count": 0}}}
{"ts": "2025-10-29T11:55:55.438539", "level": "DEBUG", "phase": "optimize", "message": "tf 4h step 130/2304", "data": {"best": {"winrate": 0.0, "count": 0}}}
{"ts": "2025-10-29T11:55:57.014711", "level": "DEBUG", "phase": "optimize", "message": "tf 4h step 140/2304", "data": {"best": {"winrate": 0.0, "count": 0}}}
{"ts": "2025-10-29T11:55:58.611689", "level": "DEBUG", "phase": "optimize", "message": "tf 4h step 150/2304", "data": {"best": {"winrate": 0.0, "count": 0}}}
{"ts": "2025-10-29T11:55:58.618737", "level": "DEBUG", "phase": "optimize", "message": "tf 4h step 150/2304", "data": {"best": {"winrate": 0.0, "count": 0}}}
{"ts": "2025-10-29T11:55:58.997689", "level": "DEBUG", "phase": "optimize", "message": "tf 1d step 10/2304", "data": {"best": {"winrate": 0.0, "count": 0}}}
{"ts": "2025-10-29T11:55:59.305663", "level": "DEBUG", "phase": "optimize", "message": "tf 1d step 20/2304", "data": {"best": {"winrate": 0.0, "count": 0}}}
{"ts": "2025-10-29T11:55:59.619492", "level": "DEBUG", "phase": "optimize", "message": "tf 1d step 30/2304", "data": {"best": {"winrate": 0.0, "count": 0}}}
{"ts": "2025-10-29T11:55:59.932965", "level": "DEBUG", "phase": "optimize", "message": "tf 1d step 40/2304", "data": {"best": {"winrate": 0.0, "count": 0}}}
{"ts": "2025-10-29T11:56:00.242765", "level": "DEBUG", "phase": "optimize", "message": "tf 1d step 50/2304", "data": {"best": {"winrate": 0.0, "count": 0}}}
{"ts": "2025-10-29T11:56:00.555577", "level": "DEBUG", "phase": "optimize", "message": "tf 1d step 60/2304", "data": {"best": {"winrate": 0.0, "count": 0}}}
{"ts": "2025-10-29T11:56:00.865847", "level": "DEBUG", "phase": "optimize", "message": "tf 1d step 70/2304", "data": {"best": {"winrate": 0.0, "count": 0}}}
{"ts": "2025-10-29T11:56:01.154879", "level": "DEBUG", "phase": "optimize", "message": "tf 1d step 80/2304", "data": {"best": {"winrate": 0.0, "count": 0}}}
{"ts": "2025-10-29T11:56:01.437351", "level": "DEBUG", "phase": "optimize", "message": "tf 1d step 90/2304", "data": {"best": {"winrate": 0.0, "count": 0}}}
{"ts": "2025-10-29T11:56:01.735373", "level": "DEBUG", "phase": "optimize", "message": "tf 1d step 100/2304", "data": {"best": {"winrate": 0.0, "count": 0}}}
{"ts": "2025-10-29T11:56:02.031528", "level": "DEBUG", "phase": "optimize", "message": "tf 1d step 110/2304", "data": {"best": {"winrate": 0.0, "count": 0}}}
{"ts": "2025-10-29T11:56:02.322252", "level": "DEBUG", "phase": "optimize", "message": "tf 1d step 120/2304", "data": {"best": {"winrate": 0.0, "count": 0}}}
{"ts": "2025-10-29T11:56:02.606089", "level": "DEBUG", "phase": "optimize", "message": "tf 1d step 130/2304", "data": {"best": {"winrate": 0.0, "count": 0}}}
{"ts": "2025-10-29T11:56:02.895822", "level": "DEBUG", "phase": "optimize", "message": "tf 1d step 140/2304", "data": {"best": {"winrate": 0.0, "count": 0}}}
{"ts": "2025-10-29T11:56:03.189752", "level": "DEBUG", "phase": "optimize", "message": "tf 1d step 150/2304", "data": {"best": {"winrate": 0.0, "count": 0}}}
{"ts": "2025-10-29T11:56:03.195116", "level": "DEBUG", "phase": "optimize", "message": "tf 1d step 150/2304", "data": {"best": {"winrate": 0.0, "count": 0}}}
{"ts": "2025-10-29T11:56:03.331416", "level": "DEBUG", "phase": "optimize", "message": "tf 1w step 10/2304", "data": {"best": {"winrate": 0.0, "count": 0}}}
{"ts": "2025-10-29T11:56:03.401523", "level": "DEBUG", "phase": "optimize", "message": "tf 1w step 20/2304", "data": {"best": {"winrate": 0.0, "count": 0}}}
{"ts": "2025-10-29T11:56:03.467375", "level": "DEBUG", "phase": "optimize", "message": "tf 1w step 30/2304", "data": {"best": {"winrate": 0.0, "count": 0}}}
{"ts": "2025-10-29T11:56:03.534338", "level": "DEBUG", "phase": "optimize", "message": "tf 1w step 40/2304", "data": {"best": {"winrate": 0.0, "count": 0}}}
{"ts": "2025-10-29T11:56:03.600772", "level": "DEBUG", "phase": "optimize", "message": "tf 1w step 50/2304", "data": {"best": {"winrate": 0.0, "count": 0}}}
{"ts": "2025-10-29T11:56:03.668042", "level": "DEBUG", "phase": "optimize", "message": "tf 1w step 60/2304", "data": {"best": {"winrate": 0.0, "count": 0}}}
{"ts": "2025-10-29T11:56:03.736141", "level": "DEBUG", "phase": "optimize", "message": "tf 1w step 70/2304", "data": {"best": {"winrate": 0.0, "count": 0}}}
{"ts": "2025-10-29T11:56:03.802349", "level": "DEBUG", "phase": "optimize", "message": "tf 1w step 80/2304", "data": {"best": {"winrate": 0.0, "count": 0}}}
{"ts": "2025-10-29T11:56:03.870497", "level": "DEBUG", "phase": "optimize", "message": "tf 1w step 90/2304", "data": {"best": {"winrate": 0.0, "count": 0}}}
{"ts": "2025-10-29T11:56:03.940464", "level": "DEBUG", "phase": "optimize", "message": "tf 1w step 100/2304", "data": {"best": {"winrate": 0.0, "count": 0}}}
{"ts": "2025-10-29T11:56:04.006274", "level": "DEBUG", "phase": "optimize", "message": "tf 1w step 110/2304", "data": {"best": {"winrate": 0.0, "count": 0}}}
{"ts": "2025-10-29T11:56:04.073898", "level": "DEBUG", "phase": "optimize", "message": "tf 1w step 120/2304", "data": {"best": {"winrate": 0.0, "count": 0}}}
{"ts": "2025-10-29T11:56:04.140329", "level": "DEBUG", "phase": "optimize", "message": "tf 1w step 130/2304", "data": {"best": {"winrate": 0.0, "count": 0}}}
{"ts": "2025-10-29T11:56:04.209679", "level": "DEBUG", "phase": "optimize", "message": "tf 1w step 140/2304", "data": {"best": {"winrate": 0.0, "count": 0}}}
{"ts": "2025-10-29T11:56:04.274804", "level": "DEBUG", "phase": "optimize", "message": "tf 1w step 150/2304", "data": {"best": {"winrate": 0.0, "count": 0}}}
{"ts": "2025-10-29T11:56:04.279697", "level": "DEBUG", "phase": "optimize", "message": "tf 1w step 150/2304", "data": {"best": {"winrate": 0.0, "count": 0}}}
{"ts": "2025-10-29T11:56:04.284898", "level": "INFO", "phase": "optimize", "message": "opt complete", "data": {}}
{"ts": "2025-10-29T11:56:04.294107", "level": "INFO", "phase": "backtest", "message": "start post-backtest parallel for ['15m', '1h', '4h', '1d', '1w']", "data": {"workers": 24}}
{"ts": "2025-10-29T11:56:04.671496", "level": "INFO", "phase": "backtest", "message": "done backtest BTC/USDT 1w", "data": {"stats": {"count": 0, "winrate": 0.0}}}
{"ts": "2025-10-29T11:56:04.678278", "level": "INFO", "phase": "backtest", "message": "done backtest BTC/USDT 1d", "data": {"stats": {"count": 0, "winrate": 0.0}}}
{"ts": "2025-10-29T11:56:04.855251", "level": "INFO", "phase": "backtest", "message": "done backtest BTC/USDT 4h", "data": {"stats": {"count": 0, "winrate": 0.0}}}
{"ts": "2025-10-29T11:56:05.233428", "level": "INFO", "phase": "backtest", "message": "done backtest BTC/USDT 1h", "data": {"stats": {"count": 0, "winrate": 0.0}}}
{"ts": "2025-10-29T11:56:05.634181", "level": "INFO", "phase": "backtest", "message": "done backtest BTC/USDT 15m", "data": {"stats": {"count": 0, "winrate": 0.0}}}
{"ts": "2025-10-29T11:56:05.644048", "level": "INFO", "phase": "final", "message": "training pipeline completed (precompute + parallel)", "data": {"symbol": "BTC/USDT", "tfs": ["15m", "1h", "4h", "1d", "1w"]}}
