{"ts": "2025-10-29T13:04:03.259785", "level": "INFO", "phase": "sync", "message": "history sync start BTC/USDT tfs=['15m', '1h', '4h', '1d', '1w'] years=1 mode=full", "data": {}}
{"ts": "2025-10-29T13:04:03.274180", "level": "INFO", "phase": "sync", "message": "fetch BTC/USDT 15m", "data": {}}
{"ts": "2025-10-29T13:04:22.480609", "level": "INFO", "phase": "sync", "message": "fetch BTC/USDT 1h", "data": {}}
{"ts": "2025-10-29T13:04:27.125963", "level": "INFO", "phase": "sync", "message": "fetch BTC/USDT 4h", "data": {}}
{"ts": "2025-10-29T13:04:28.537854", "level": "INFO", "phase": "sync", "message": "fetch BTC/USDT 1d", "data": {}}
{"ts": "2025-10-29T13:04:29.021953", "level": "INFO", "phase": "sync", "message": "fetch BTC/USDT 1w", "data": {}}
{"ts": "2025-10-29T13:04:29.474993", "level": "INFO", "phase": "sync", "message": "history sync complete", "data": {}}
{"ts": "2025-10-29T13:04:29.487129", "level": "INFO", "phase": "train", "message": "train start BTC/USDT tfs=['15m', '1h', '4h', '1d', '1w'] mode=full", "data": {}}
{"ts": "2025-10-29T13:04:29.562601", "level": "INFO", "phase": "train", "message": "train complete BTC/USDT", "data": {}}
{"ts": "2025-10-29T13:04:29.576742", "level": "INFO", "phase": "optimize", "message": "opt start BTC/USDT tfs=['15m', '1h', '4h', '1d', '1w']", "data": {"workers": 24}}
{"ts": "2025-10-29T13:04:33.731233", "level": "DEBUG", "phase": "optimize", "message": "tf 15m step 10/2304", "data": {"best": {"winrate": 0.0, "count": 0}}}
{"ts": "2025-10-29T13:04:37.845791", "level": "DEBUG", "phase": "optimize", "message": "tf 15m step 20/2304", "data": {"best": {"winrate": 0.0, "count": 0}}}
{"ts": "2025-10-29T13:04:41.983890", "level": "DEBUG", "phase": "optimize", "message": "tf 15m step 30/2304", "data": {"best": {"winrate": 0.0, "count": 0}}}
{"ts": "2025-10-29T13:04:46.099305", "level": "DEBUG", "phase": "optimize", "message": "tf 15m step 40/2304", "data": {"best": {"winrate": 0.0, "count": 0}}}
{"ts": "2025-10-29T13:04:50.213379", "level": "DEBUG", "phase": "optimize", "message": "tf 15m step 50/2304", "data": {"best": {"winrate": 0.0, "count": 0}}}
{"ts": "2025-10-29T13:04:54.321740", "level": "DEBUG", "phase": "optimize", "message": "tf 15m step 60/2304", "data": {"best": {"winrate": 0.0, "count": 0}}}
{"ts": "2025-10-29T13:04:58.429757", "level": "DEBUG", "phase": "optimize", "message": "tf 15m step 70/2304", "data": {"best": {"winrate": 0.0, "count": 0}}}
{"ts": "2025-10-29T13:05:02.544756", "level": "DEBUG", "phase": "optimize", "message": "tf 15m step 80/2304", "data": {"best": {"winrate": 0.0, "count": 0}}}
{"ts": "2025-10-29T13:05:06.655517", "level": "DEBUG", "phase": "optimize", "message": "tf 15m step 90/2304", "data": {"best": {"winrate": 0.0, "count": 0}}}
{"ts": "2025-10-29T13:05:10.751537", "level": "DEBUG", "phase": "optimize", "message": "tf 15m step 100/2304", "data": {"best": {"winrate": 0.0, "count": 0}}}
{"ts": "2025-10-29T13:05:14.844525", "level": "DEBUG", "phase": "optimize", "message": "tf 15m step 110/2304", "data": {"best": {"winrate": 0.0, "count": 0}}}
{"ts": "2025-10-29T13:05:18.941349", "level": "DEBUG", "phase": "optimize", "message": "tf 15m step 120/2304", "data": {"best": {"winrate": 0.0, "count": 0}}}
{"ts": "2025-10-29T13:05:23.035452", "level": "DEBUG", "phase": "optimize", "message": "tf 15m step 130/2304", "data": {"best": {"winrate": 0.0, "count": 0}}}
{"ts": "2025-10-29T13:05:27.143348", "level": "DEBUG", "phase": "optimize", "message": "tf 15m step 140/2304", "data": {"best": {"winrate": 0.0, "count": 0}}}
{"ts": "2025-10-29T13:05:31.211113", "level": "DEBUG", "phase": "optimize", "message": "tf 15m step 150/2304", "data": {"best": {"winrate": 0.0, "count": 0}}}
{"ts": "2025-10-29T13:05:35.283895", "level": "DEBUG", "phase": "optimize", "message": "tf 15m step 160/2304", "data": {"best": {"winrate": 0.0, "count": 0}}}
{"ts": "2025-10-29T13:05:39.383531", "level": "DEBUG", "phase": "optimize", "message": "tf 15m step 170/2304", "data": {"best": {"winrate": 0.0, "count": 0}}}
{"ts": "2025-10-29T13:05:43.475514", "level": "DEBUG", "phase": "optimize", "message": "tf 15m step 180/2304", "data": {"best": {"winrate": 0.0, "count": 0}}}
{"ts": "2025-10-29T13:05:47.598661", "level": "DEBUG", "phase": "optimize", "message": "tf 15m step 190/2304", "data": {"best": {"winrate": 0.0, "count": 0}}}
{"ts": "2025-10-29T13:05:51.700810", "level": "DEBUG", "phase": "optimize", "message": "tf 15m step 200/2304", "data": {"best": {"winrate": 0.0, "count": 0}}}
{"ts": "2025-10-29T13:05:55.784002", "level": "DEBUG", "phase": "optimize", "message": "tf 15m step 210/2304", "data": {"best": {"winrate": 0.0, "count": 0}}}
{"ts": "2025-10-29T13:05:59.888606", "level": "DEBUG", "phase": "optimize", "message": "tf 15m step 220/2304", "data": {"best": {"winrate": 0.0, "count": 0}}}
{"ts": "2025-10-29T13:06:03.977649", "level": "DEBUG", "phase": "optimize", "message": "tf 15m step 230/2304", "data": {"best": {"winrate": 0.0, "count": 0}}}
{"ts": "2025-10-29T13:06:08.077903", "level": "DEBUG", "phase": "optimize", "message": "tf 15m step 240/2304", "data": {"best": {"winrate": 0.0, "count": 0}}}
{"ts": "2025-10-29T13:06:12.174146", "level": "DEBUG", "phase": "optimize", "message": "tf 15m step 250/2304", "data": {"best": {"winrate": 0.0, "count": 0}}}
{"ts": "2025-10-29T13:06:16.280332", "level": "DEBUG", "phase": "optimize", "message": "tf 15m step 260/2304", "data": {"best": {"winrate": 0.0, "count": 0}}}
{"ts": "2025-10-29T13:06:20.349312", "level": "DEBUG", "phase": "optimize", "message": "tf 15m step 270/2304", "data": {"best": {"winrate": 0.0, "count": 0}}}
{"ts": "2025-10-29T13:06:24.423667", "level": "DEBUG", "phase": "optimize", "message": "tf 15m step 280/2304", "data": {"best": {"winrate": 0.0, "count": 0}}}
{"ts": "2025-10-29T13:06:28.484952", "level": "DEBUG", "phase": "optimize", "message": "tf 15m step 290/2304", "data": {"best": {"winrate": 0.0, "count": 0}}}
{"ts": "2025-10-29T13:06:32.544225", "level": "DEBUG", "phase": "optimize", "message": "tf 15m step 300/2304", "data": {"best": {"winrate": 0.0, "count": 0}}}
{"ts": "2025-10-29T13:06:32.552082", "level": "DEBUG", "phase": "optimize", "message": "tf 15m step 300/2304", "data": {"best": {"winrate": 0.0, "count": 0}}}
{"ts": "2025-10-29T13:06:32.570311", "level": "DEBUG", "phase": "optimize", "message": "tf 15m step 2304/2304", "data": {"best": {"winrate": 0.0, "count": 0}}}
{"ts": "2025-10-29T13:06:36.319054", "level": "DEBUG", "phase": "optimize", "message": "tf 1h step 10/2304", "data": {"best": {"winrate": 0.0, "count": 0}}}
{"ts": "2025-10-29T13:06:40.040808", "level": "DEBUG", "phase": "optimize", "message": "tf 1h step 20/2304", "data": {"best": {"winrate": 0.0, "count": 0}}}
{"ts": "2025-10-29T13:06:43.749804", "level": "DEBUG", "phase": "optimize", "message": "tf 1h step 30/2304", "data": {"best": {"winrate": 0.0, "count": 0}}}
{"ts": "2025-10-29T13:06:47.469282", "level": "DEBUG", "phase": "optimize", "message": "tf 1h step 40/2304", "data": {"best": {"winrate": 0.0, "count": 0}}}
{"ts": "2025-10-29T13:06:51.173245", "level": "DEBUG", "phase": "optimize", "message": "tf 1h step 50/2304", "data": {"best": {"winrate": 0.0, "count": 0}}}
{"ts": "2025-10-29T13:06:54.894191", "level": "DEBUG", "phase": "optimize", "message": "tf 1h step 60/2304", "data": {"best": {"winrate": 0.0, "count": 0}}}
{"ts": "2025-10-29T13:06:58.593505", "level": "DEBUG", "phase": "optimize", "message": "tf 1h step 70/2304", "data": {"best": {"winrate": 0.0, "count": 0}}}
{"ts": "2025-10-29T13:07:02.286198", "level": "DEBUG", "phase": "optimize", "message": "tf 1h step 80/2304", "data": {"best": {"winrate": 0.0, "count": 0}}}
{"ts": "2025-10-29T13:07:05.995575", "level": "DEBUG", "phase": "optimize", "message": "tf 1h step 90/2304", "data": {"best": {"winrate": 0.0, "count": 0}}}
{"ts": "2025-10-29T13:07:09.684016", "level": "DEBUG", "phase": "optimize", "message": "tf 1h step 100/2304", "data": {"best": {"winrate": 0.0, "count": 0}}}
{"ts": "2025-10-29T13:07:13.378748", "level": "DEBUG", "phase": "optimize", "message": "tf 1h step 110/2304", "data": {"best": {"winrate": 0.0, "count": 0}}}
{"ts": "2025-10-29T13:07:17.077267", "level": "DEBUG", "phase": "optimize", "message": "tf 1h step 120/2304", "data": {"best": {"winrate": 0.0, "count": 0}}}
{"ts": "2025-10-29T13:07:20.778337", "level": "DEBUG", "phase": "optimize", "message": "tf 1h step 130/2304", "data": {"best": {"winrate": 0.0, "count": 0}}}
{"ts": "2025-10-29T13:07:24.459192", "level": "DEBUG", "phase": "optimize", "message": "tf 1h step 140/2304", "data": {"best": {"winrate": 0.0, "count": 0}}}
{"ts": "2025-10-29T13:07:28.153284", "level": "DEBUG", "phase": "optimize", "message": "tf 1h step 150/2304", "data": {"best": {"winrate": 0.0, "count": 0}}}
{"ts": "2025-10-29T13:07:31.864782", "level": "DEBUG", "phase": "optimize", "message": "tf 1h step 160/2304", "data": {"best": {"winrate": 0.0, "count": 0}}}
{"ts": "2025-10-29T13:07:35.555664", "level": "DEBUG", "phase": "optimize", "message": "tf 1h step 170/2304", "data": {"best": {"winrate": 0.0, "count": 0}}}
{"ts": "2025-10-29T13:07:39.262898", "level": "DEBUG", "phase": "optimize", "message": "tf 1h step 180/2304", "data": {"best": {"winrate": 0.0, "count": 0}}}
{"ts": "2025-10-29T13:07:42.984977", "level": "DEBUG", "phase": "optimize", "message": "tf 1h step 190/2304", "data": {"best": {"winrate": 0.0, "count": 0}}}
{"ts": "2025-10-29T13:07:46.678584", "level": "DEBUG", "phase": "optimize", "message": "tf 1h step 200/2304", "data": {"best": {"winrate": 0.0, "count": 0}}}
{"ts": "2025-10-29T13:07:50.374384", "level": "DEBUG", "phase": "optimize", "message": "tf 1h step 210/2304", "data": {"best": {"winrate": 0.0, "count": 0}}}
{"ts": "2025-10-29T13:07:54.098128", "level": "DEBUG", "phase": "optimize", "message": "tf 1h step 220/2304", "data": {"best": {"winrate": 0.0, "count": 0}}}
{"ts": "2025-10-29T13:07:57.808918", "level": "DEBUG", "phase": "optimize", "message": "tf 1h step 230/2304", "data": {"best": {"winrate": 0.0, "count": 0}}}
{"ts": "2025-10-29T13:08:01.529005", "level": "DEBUG", "phase": "optimize", "message": "tf 1h step 240/2304", "data": {"best": {"winrate": 0.0, "count": 0}}}
{"ts": "2025-10-29T13:08:05.215951", "level": "DEBUG", "phase": "optimize", "message": "tf 1h step 250/2304", "data": {"best": {"winrate": 0.0, "count": 0}}}
{"ts": "2025-10-29T13:08:08.908093", "level": "DEBUG", "phase": "optimize", "message": "tf 1h step 260/2304", "data": {"best": {"winrate": 0.0, "count": 0}}}
{"ts": "2025-10-29T13:08:12.584585", "level": "DEBUG", "phase": "optimize", "message": "tf 1h step 270/2304", "data": {"best": {"winrate": 0.0, "count": 0}}}
{"ts": "2025-10-29T13:08:16.243402", "level": "DEBUG", "phase": "optimize", "message": "tf 1h step 280/2304", "data": {"best": {"winrate": 0.0, "count": 0}}}
{"ts": "2025-10-29T13:08:19.924530", "level": "DEBUG", "phase": "optimize", "message": "tf 1h step 290/2304", "data": {"best": {"winrate": 0.0, "count": 0}}}
{"ts": "2025-10-29T13:08:23.597202", "level": "DEBUG", "phase": "optimize", "message": "tf 1h step 300/2304", "data": {"best": {"winrate": 0.0, "count": 0}}}
{"ts": "2025-10-29T13:08:23.611509", "level": "DEBUG", "phase": "optimize", "message": "tf 1h step 300/2304", "data": {"best": {"winrate": 0.0, "count": 0}}}
{"ts": "2025-10-29T13:08:23.623893", "level": "DEBUG", "phase": "optimize", "message": "tf 1h step 2304/2304", "data": {"best": {"winrate": 0.0, "count": 0}}}
{"ts": "2025-10-29T13:08:25.281465", "level": "DEBUG", "phase": "optimize", "message": "tf 4h step 10/2304", "data": {"best": {"winrate": 0.0, "count": 0}}}
{"ts": "2025-10-29T13:08:26.875328", "level": "DEBUG", "phase": "optimize", "message": "tf 4h step 20/2304", "data": {"best": {"winrate": 0.0, "count": 0}}}
{"ts": "2025-10-29T13:08:28.447518", "level": "DEBUG", "phase": "optimize", "message": "tf 4h step 30/2304", "data": {"best": {"winrate": 0.0, "count": 0}}}
{"ts": "2025-10-29T13:08:30.033233", "level": "DEBUG", "phase": "optimize", "message": "tf 4h step 40/2304", "data": {"best": {"winrate": 0.0, "count": 0}}}
{"ts": "2025-10-29T13:08:31.620749", "level": "DEBUG", "phase": "optimize", "message": "tf 4h step 50/2304", "data": {"best": {"winrate": 0.0, "count": 0}}}
{"ts": "2025-10-29T13:08:33.216361", "level": "DEBUG", "phase": "optimize", "message": "tf 4h step 60/2304", "data": {"best": {"winrate": 0.0, "count": 0}}}
{"ts": "2025-10-29T13:08:34.814877", "level": "DEBUG", "phase": "optimize", "message": "tf 4h step 70/2304", "data": {"best": {"winrate": 0.0, "count": 0}}}
{"ts": "2025-10-29T13:08:36.402623", "level": "DEBUG", "phase": "optimize", "message": "tf 4h step 80/2304", "data": {"best": {"winrate": 0.0, "count": 0}}}
{"ts": "2025-10-29T13:08:37.972368", "level": "DEBUG", "phase": "optimize", "message": "tf 4h step 90/2304", "data": {"best": {"winrate": 0.0, "count": 0}}}
{"ts": "2025-10-29T13:08:39.565315", "level": "DEBUG", "phase": "optimize", "message": "tf 4h step 100/2304", "data": {"best": {"winrate": 0.0, "count": 0}}}
{"ts": "2025-10-29T13:08:41.142874", "level": "DEBUG", "phase": "optimize", "message": "tf 4h step 110/2304", "data": {"best": {"winrate": 0.0, "count": 0}}}
{"ts": "2025-10-29T13:08:42.727039", "level": "DEBUG", "phase": "optimize", "message": "tf 4h step 120/2304", "data": {"best": {"winrate": 0.0, "count": 0}}}
{"ts": "2025-10-29T13:08:44.324578", "level": "DEBUG", "phase": "optimize", "message": "tf 4h step 130/2304", "data": {"best": {"winrate": 0.0, "count": 0}}}
{"ts": "2025-10-29T13:08:45.903682", "level": "DEBUG", "phase": "optimize", "message": "tf 4h step 140/2304", "data": {"best": {"winrate": 0.0, "count": 0}}}
{"ts": "2025-10-29T13:08:47.492663", "level": "DEBUG", "phase": "optimize", "message": "tf 4h step 150/2304", "data": {"best": {"winrate": 0.0, "count": 0}}}
{"ts": "2025-10-29T13:08:49.095800", "level": "DEBUG", "phase": "optimize", "message": "tf 4h step 160/2304", "data": {"best": {"winrate": 0.0, "count": 0}}}
{"ts": "2025-10-29T13:08:50.678391", "level": "DEBUG", "phase": "optimize", "message": "tf 4h step 170/2304", "data": {"best": {"winrate": 0.0, "count": 0}}}
{"ts": "2025-10-29T13:08:52.290676", "level": "DEBUG", "phase": "optimize", "message": "tf 4h step 180/2304", "data": {"best": {"winrate": 0.0, "count": 0}}}
{"ts": "2025-10-29T13:08:53.870181", "level": "DEBUG", "phase": "optimize", "message": "tf 4h step 190/2304", "data": {"best": {"winrate": 0.0, "count": 0}}}
{"ts": "2025-10-29T13:08:55.450192", "level": "DEBUG", "phase": "optimize", "message": "tf 4h step 200/2304", "data": {"best": {"winrate": 0.0, "count": 0}}}
{"ts": "2025-10-29T13:08:57.038836", "level": "DEBUG", "phase": "optimize", "message": "tf 4h step 210/2304", "data": {"best": {"winrate": 0.0, "count": 0}}}
{"ts": "2025-10-29T13:08:58.634201", "level": "DEBUG", "phase": "optimize", "message": "tf 4h step 220/2304", "data": {"best": {"winrate": 0.0, "count": 0}}}
{"ts": "2025-10-29T13:09:00.223561", "level": "DEBUG", "phase": "optimize", "message": "tf 4h step 230/2304", "data": {"best": {"winrate": 0.0, "count": 0}}}
{"ts": "2025-10-29T13:09:01.806751", "level": "DEBUG", "phase": "optimize", "message": "tf 4h step 240/2304", "data": {"best": {"winrate": 0.0, "count": 0}}}
{"ts": "2025-10-29T13:09:03.402331", "level": "DEBUG", "phase": "optimize", "message": "tf 4h step 250/2304", "data": {"best": {"winrate": 0.0, "count": 0}}}
{"ts": "2025-10-29T13:09:04.985258", "level": "DEBUG", "phase": "optimize", "message": "tf 4h step 260/2304", "data": {"best": {"winrate": 0.0, "count": 0}}}
{"ts": "2025-10-29T13:09:06.563944", "level": "DEBUG", "phase": "optimize", "message": "tf 4h step 270/2304", "data": {"best": {"winrate": 0.0, "count": 0}}}
{"ts": "2025-10-29T13:09:08.125153", "level": "DEBUG", "phase": "optimize", "message": "tf 4h step 280/2304", "data": {"best": {"winrate": 0.0, "count": 0}}}
{"ts": "2025-10-29T13:09:09.700700", "level": "DEBUG", "phase": "optimize", "message": "tf 4h step 290/2304", "data": {"best": {"winrate": 0.0, "count": 0}}}
{"ts": "2025-10-29T13:09:11.275756", "level": "DEBUG", "phase": "optimize", "message": "tf 4h step 300/2304", "data": {"best": {"winrate": 0.0, "count": 0}}}
{"ts": "2025-10-29T13:09:11.282053", "level": "DEBUG", "phase": "optimize", "message": "tf 4h step 300/2304", "data": {"best": {"winrate": 0.0, "count": 0}}}
{"ts": "2025-10-29T13:09:11.294836", "level": "DEBUG", "phase": "optimize", "message": "tf 4h step 2304/2304", "data": {"best": {"winrate": 0.0, "count": 0}}}
{"ts": "2025-10-29T13:09:11.666971", "level": "DEBUG", "phase": "optimize", "message": "tf 1d step 10/2304", "data": {"best": {"winrate": 0.0, "count": 0}}}
{"ts": "2025-10-29T13:09:11.968306", "level": "DEBUG", "phase": "optimize", "message": "tf 1d step 20/2304", "data": {"best": {"winrate": 0.0, "count": 0}}}
{"ts": "2025-10-29T13:09:12.280765", "level": "DEBUG", "phase": "optimize", "message": "tf 1d step 30/2304", "data": {"best": {"winrate": 0.0, "count": 0}}}
{"ts": "2025-10-29T13:09:12.595082", "level": "DEBUG", "phase": "optimize", "message": "tf 1d step 40/2304", "data": {"best": {"winrate": 0.0, "count": 0}}}
{"ts": "2025-10-29T13:09:12.903722", "level": "DEBUG", "phase": "optimize", "message": "tf 1d step 50/2304", "data": {"best": {"winrate": 0.0, "count": 0}}}
{"ts": "2025-10-29T13:09:13.190048", "level": "DEBUG", "phase": "optimize", "message": "tf 1d step 60/2304", "data": {"best": {"winrate": 0.0, "count": 0}}}
{"ts": "2025-10-29T13:09:13.478168", "level": "DEBUG", "phase": "optimize", "message": "tf 1d step 70/2304", "data": {"best": {"winrate": 0.0, "count": 0}}}
{"ts": "2025-10-29T13:09:13.779551", "level": "DEBUG", "phase": "optimize", "message": "tf 1d step 80/2304", "data": {"best": {"winrate": 0.0, "count": 0}}}
{"ts": "2025-10-29T13:09:14.089632", "level": "DEBUG", "phase": "optimize", "message": "tf 1d step 90/2304", "data": {"best": {"winrate": 0.0, "count": 0}}}
{"ts": "2025-10-29T13:09:14.406345", "level": "DEBUG", "phase": "optimize", "message": "tf 1d step 100/2304", "data": {"best": {"winrate": 0.0, "count": 0}}}
{"ts": "2025-10-29T13:09:14.711731", "level": "DEBUG", "phase": "optimize", "message": "tf 1d step 110/2304", "data": {"best": {"winrate": 0.0, "count": 0}}}
{"ts": "2025-10-29T13:09:15.016870", "level": "DEBUG", "phase": "optimize", "message": "tf 1d step 120/2304", "data": {"best": {"winrate": 0.0, "count": 0}}}
{"ts": "2025-10-29T13:09:15.304789", "level": "DEBUG", "phase": "optimize", "message": "tf 1d step 130/2304", "data": {"best": {"winrate": 0.0, "count": 0}}}
{"ts": "2025-10-29T13:09:15.590690", "level": "DEBUG", "phase": "optimize", "message": "tf 1d step 140/2304", "data": {"best": {"winrate": 0.0, "count": 0}}}
{"ts": "2025-10-29T13:09:15.881455", "level": "DEBUG", "phase": "optimize", "message": "tf 1d step 150/2304", "data": {"best": {"winrate": 0.0, "count": 0}}}
{"ts": "2025-10-29T13:09:16.178128", "level": "DEBUG", "phase": "optimize", "message": "tf 1d step 160/2304", "data": {"best": {"winrate": 0.0, "count": 0}}}
{"ts": "2025-10-29T13:09:16.472742", "level": "DEBUG", "phase": "optimize", "message": "tf 1d step 170/2304", "data": {"best": {"winrate": 0.0, "count": 0}}}
{"ts": "2025-10-29T13:09:16.755621", "level": "DEBUG", "phase": "optimize", "message": "tf 1d step 180/2304", "data": {"best": {"winrate": 0.0, "count": 0}}}
{"ts": "2025-10-29T13:09:17.044483", "level": "DEBUG", "phase": "optimize", "message": "tf 1d step 190/2304", "data": {"best": {"winrate": 0.0, "count": 0}}}
{"ts": "2025-10-29T13:09:17.330073", "level": "DEBUG", "phase": "optimize", "message": "tf 1d step 200/2304", "data": {"best": {"winrate": 0.0, "count": 0}}}
{"ts": "2025-10-29T13:09:17.612981", "level": "DEBUG", "phase": "optimize", "message": "tf 1d step 210/2304", "data": {"best": {"winrate": 0.0, "count": 0}}}
{"ts": "2025-10-29T13:09:17.900127", "level": "DEBUG", "phase": "optimize", "message": "tf 1d step 220/2304", "data": {"best": {"winrate": 0.0, "count": 0}}}
{"ts": "2025-10-29T13:09:18.187750", "level": "DEBUG", "phase": "optimize", "message": "tf 1d step 230/2304", "data": {"best": {"winrate": 0.0, "count": 0}}}
{"ts": "2025-10-29T13:09:18.491891", "level": "DEBUG", "phase": "optimize", "message": "tf 1d step 240/2304", "data": {"best": {"winrate": 0.0, "count": 0}}}
{"ts": "2025-10-29T13:09:18.782938", "level": "DEBUG", "phase": "optimize", "message": "tf 1d step 250/2304", "data": {"best": {"winrate": 0.0, "count": 0}}}
{"ts": "2025-10-29T13:09:19.069334", "level": "DEBUG", "phase": "optimize", "message": "tf 1d step 260/2304", "data": {"best": {"winrate": 0.0, "count": 0}}}
{"ts": "2025-10-29T13:09:19.354462", "level": "DEBUG", "phase": "optimize", "message": "tf 1d step 270/2304", "data": {"best": {"winrate": 0.0, "count": 0}}}
{"ts": "2025-10-29T13:09:19.642911", "level": "DEBUG", "phase": "optimize", "message": "tf 1d step 280/2304", "data": {"best": {"winrate": 0.0, "count": 0}}}
{"ts": "2025-10-29T13:09:19.933100", "level": "DEBUG", "phase": "optimize", "message": "tf 1d step 290/2304", "data": {"best": {"winrate": 0.0, "count": 0}}}
{"ts": "2025-10-29T13:09:20.228750", "level": "DEBUG", "phase": "optimize", "message": "tf 1d step 300/2304", "data": {"best": {"winrate": 0.0, "count": 0}}}
{"ts": "2025-10-29T13:09:20.235023", "level": "DEBUG", "phase": "optimize", "message": "tf 1d step 300/2304", "data": {"best": {"winrate": 0.0, "count": 0}}}
{"ts": "2025-10-29T13:09:20.247042", "level": "DEBUG", "phase": "optimize", "message": "tf 1d step 2304/2304", "data": {"best": {"winrate": 0.0, "count": 0}}}
{"ts": "2025-10-29T13:09:20.387577", "level": "DEBUG", "phase": "optimize", "message": "tf 1w step 10/2304", "data": {"best": {"winrate": 0.0, "count": 0}}}
{"ts": "2025-10-29T13:09:20.457292", "level": "DEBUG", "phase": "optimize", "message": "tf 1w step 20/2304", "data": {"best": {"winrate": 0.0, "count": 0}}}
{"ts": "2025-10-29T13:09:20.526049", "level": "DEBUG", "phase": "optimize", "message": "tf 1w step 30/2304", "data": {"best": {"winrate": 0.0, "count": 0}}}
{"ts": "2025-10-29T13:09:20.593679", "level": "DEBUG", "phase": "optimize", "message": "tf 1w step 40/2304", "data": {"best": {"winrate": 0.0, "count": 0}}}
{"ts": "2025-10-29T13:09:20.661741", "level": "DEBUG", "phase": "optimize", "message": "tf 1w step 50/2304", "data": {"best": {"winrate": 0.0, "count": 0}}}
{"ts": "2025-10-29T13:09:20.729123", "level": "DEBUG", "phase": "optimize", "message": "tf 1w step 60/2304", "data": {"best": {"winrate": 0.0, "count": 0}}}
{"ts": "2025-10-29T13:09:20.797072", "level": "DEBUG", "phase": "optimize", "message": "tf 1w step 70/2304", "data": {"best": {"winrate": 0.0, "count": 0}}}
{"ts": "2025-10-29T13:09:20.864201", "level": "DEBUG", "phase": "optimize", "message": "tf 1w step 80/2304", "data": {"best": {"winrate": 0.0, "count": 0}}}
{"ts": "2025-10-29T13:09:20.929783", "level": "DEBUG", "phase": "optimize", "message": "tf 1w step 90/2304", "data": {"best": {"winrate": 0.0, "count": 0}}}
{"ts": "2025-10-29T13:09:21.003141", "level": "DEBUG", "phase": "optimize", "message": "tf 1w step 100/2304", "data": {"best": {"winrate": 0.0, "count": 0}}}
{"ts": "2025-10-29T13:09:21.071252", "level": "DEBUG", "phase": "optimize", "message": "tf 1w step 110/2304", "data": {"best": {"winrate": 0.0, "count": 0}}}
{"ts": "2025-10-29T13:09:21.137700", "level": "DEBUG", "phase": "optimize", "message": "tf 1w step 120/2304", "data": {"best": {"winrate": 0.0, "count": 0}}}
{"ts": "2025-10-29T13:09:21.206031", "level": "DEBUG", "phase": "optimize", "message": "tf 1w step 130/2304", "data": {"best": {"winrate": 0.0, "count": 0}}}
{"ts": "2025-10-29T13:09:21.273384", "level": "DEBUG", "phase": "optimize", "message": "tf 1w step 140/2304", "data": {"best": {"winrate": 0.0, "count": 0}}}
{"ts": "2025-10-29T13:09:21.338934", "level": "DEBUG", "phase": "optimize", "message": "tf 1w step 150/2304", "data": {"best": {"winrate": 0.0, "count": 0}}}
{"ts": "2025-10-29T13:09:21.406822", "level": "DEBUG", "phase": "optimize", "message": "tf 1w step 160/2304", "data": {"best": {"winrate": 0.0, "count": 0}}}
{"ts": "2025-10-29T13:09:21.473533", "level": "DEBUG", "phase": "optimize", "message": "tf 1w step 170/2304", "data": {"best": {"winrate": 0.0, "count": 0}}}
{"ts": "2025-10-29T13:09:21.541770", "level": "DEBUG", "phase": "optimize", "message": "tf 1w step 180/2304", "data": {"best": {"winrate": 0.0, "count": 0}}}
{"ts": "2025-10-29T13:09:21.611048", "level": "DEBUG", "phase": "optimize", "message": "tf 1w step 190/2304", "data": {"best": {"winrate": 0.0, "count": 0}}}
{"ts": "2025-10-29T13:09:21.677436", "level": "DEBUG", "phase": "optimize", "message": "tf 1w step 200/2304", "data": {"best": {"winrate": 0.0, "count": 0}}}
{"ts": "2025-10-29T13:09:21.743796", "level": "DEBUG", "phase": "optimize", "message": "tf 1w step 210/2304", "data": {"best": {"winrate": 0.0, "count": 0}}}
{"ts": "2025-10-29T13:09:21.809700", "level": "DEBUG", "phase": "optimize", "message": "tf 1w step 220/2304", "data": {"best": {"winrate": 0.0, "count": 0}}}
{"ts": "2025-10-29T13:09:21.876520", "level": "DEBUG", "phase": "optimize", "message": "tf 1w step 230/2304", "data": {"best": {"winrate": 0.0, "count": 0}}}
{"ts": "2025-10-29T13:09:21.948178", "level": "DEBUG", "phase": "optimize", "message": "tf 1w step 240/2304", "data": {"best": {"winrate": 0.0, "count": 0}}}
{"ts": "2025-10-29T13:09:22.021315", "level": "DEBUG", "phase": "optimize", "message": "tf 1w step 250/2304", "data": {"best": {"winrate": 0.0, "count": 0}}}
{"ts": "2025-10-29T13:09:22.091455", "level": "DEBUG", "phase": "optimize", "message": "tf 1w step 260/2304", "data": {"best": {"winrate": 0.0, "count": 0}}}
{"ts": "2025-10-29T13:09:22.161532", "level": "DEBUG", "phase": "optimize", "message": "tf 1w step 270/2304", "data": {"best": {"winrate": 0.0, "count": 0}}}
{"ts": "2025-10-29T13:09:22.245623", "level": "DEBUG", "phase": "optimize", "message": "tf 1w step 280/2304", "data": {"best": {"winrate": 0.0, "count": 0}}}
{"ts": "2025-10-29T13:09:22.316950", "level": "DEBUG", "phase": "optimize", "message": "tf 1w step 290/2304", "data": {"best": {"winrate": 0.0, "count": 0}}}
{"ts": "2025-10-29T13:09:22.390711", "level": "DEBUG", "phase": "optimize", "message": "tf 1w step 300/2304", "data": {"best": {"winrate": 0.0, "count": 0}}}
{"ts": "2025-10-29T13:09:22.396751", "level": "DEBUG", "phase": "optimize", "message": "tf 1w step 300/2304", "data": {"best": {"winrate": 0.0, "count": 0}}}
{"ts": "2025-10-29T13:09:22.406372", "level": "DEBUG", "phase": "optimize", "message": "tf 1w step 2304/2304", "data": {"best": {"winrate": 0.0, "count": 0}}}
{"ts": "2025-10-29T13:09:22.411895", "level": "INFO", "phase": "optimize", "message": "opt complete", "data": {}}
{"ts": "2025-10-29T13:09:22.422487", "level": "INFO", "phase": "backtest", "message": "start post-backtest parallel for ['15m', '1h', '4h', '1d', '1w']", "data": {"workers": 24}}
{"ts": "2025-10-29T13:09:22.801816", "level": "INFO", "phase": "backtest", "message": "done backtest BTC/USDT 1w", "data": {"stats": {"count": 0, "winrate": 0.0}}}
{"ts": "2025-10-29T13:09:22.818629", "level": "INFO", "phase": "backtest", "message": "done backtest BTC/USDT 1d", "data": {"stats": {"count": 0, "winrate": 0.0}}}
{"ts": "2025-10-29T13:09:22.994286", "level": "INFO", "phase": "backtest", "message": "done backtest BTC/USDT 4h", "data": {"stats": {"count": 0, "winrate": 0.0}}}
{"ts": "2025-10-29T13:09:23.376516", "level": "INFO", "phase": "backtest", "message": "done backtest BTC/USDT 1h", "data": {"stats": {"count": 0, "winrate": 0.0}}}
{"ts": "2025-10-29T13:09:23.758950", "level": "INFO", "phase": "backtest", "message": "done backtest BTC/USDT 15m", "data": {"stats": {"count": 0, "winrate": 0.0}}}
{"ts": "2025-10-29T13:09:23.768944", "level": "INFO", "phase": "final", "message": "training pipeline completed (precompute + parallel)", "data": {"symbol": "BTC/USDT", "tfs": ["15m", "1h", "4h", "1d", "1w"]}}
