{"ts": "2025-10-28T11:53:06.760565", "level": "INFO", "phase": "sync", "message": "history sync start BTC/USDT tfs=['15m', '1h', '4h', '1d', '1w'] years=3 mode=full", "data": {}}
{"ts": "2025-10-28T11:53:06.771823", "level": "INFO", "phase": "sync", "message": "fetch BTC/USDT 15m", "data": {}}
{"ts": "2025-10-28T11:53:55.568958", "level": "INFO", "phase": "sync", "message": "fetch BTC/USDT 1h", "data": {}}
{"ts": "2025-10-28T11:54:07.787241", "level": "INFO", "phase": "sync", "message": "fetch BTC/USDT 4h", "data": {}}
{"ts": "2025-10-28T11:54:10.860139", "level": "INFO", "phase": "sync", "message": "fetch BTC/USDT 1d", "data": {}}
{"ts": "2025-10-28T11:54:11.651355", "level": "INFO", "phase": "sync", "message": "fetch BTC/USDT 1w", "data": {}}
{"ts": "2025-10-28T11:54:12.017802", "level": "INFO", "phase": "sync", "message": "history sync complete", "data": {}}
{"ts": "2025-10-28T11:54:12.033672", "level": "INFO", "phase": "train", "message": "train start BTC/USDT tfs=['15m', '1h', '4h', '1d', '1w'] mode=full", "data": {}}
{"ts": "2025-10-28T11:54:13.805903", "level": "INFO", "phase": "train", "message": "train complete BTC/USDT", "data": {}}
{"ts": "2025-10-28T11:54:13.819075", "level": "INFO", "phase": "optimize", "message": "opt start BTC/USDT tfs=['15m', '1h', '4h', '1d', '1w']", "data": {}}
{"ts": "2025-10-28T11:54:13.832280", "level": "DEBUG", "phase": "optimize", "message": "tf 15m step 0/2160", "data": {"best": null}}
{"ts": "2025-10-28T11:54:23.910101", "level": "DEBUG", "phase": "optimize", "message": "tf 15m step 1/2160", "data": {"best": {"winrate": 40.0, "count": 95, "params": {"signal_threshold": 0.55, "hold_margin": 0.0, "min_confirmed_higher": 0, "sl_atr_mult": 0.8, "tp_atr_mult": 1.6, "max_bars_in_trade": 100}}}}
{"ts": "2025-10-28T11:54:34.032908", "level": "DEBUG", "phase": "optimize", "message": "tf 15m step 2/2160", "data": {"best": {"winrate": 40.21739130434783, "count": 92, "params": {"signal_threshold": 0.55, "hold_margin": 0.0, "min_confirmed_higher": 0, "sl_atr_mult": 0.8, "tp_atr_mult": 1.6, "max_bars_in_trade": 150}}}}
{"ts": "2025-10-28T11:54:44.016541", "level": "DEBUG", "phase": "optimize", "message": "tf 15m step 3/2160", "data": {"best": {"winrate": 41.57303370786517, "count": 89, "params": {"signal_threshold": 0.55, "hold_margin": 0.0, "min_confirmed_higher": 0, "sl_atr_mult": 0.8, "tp_atr_mult": 1.6, "max_bars_in_trade": 200}}}}
{"ts": "2025-10-28T11:54:54.033063", "level": "DEBUG", "phase": "optimize", "message": "tf 15m step 4/2160", "data": {"best": {"winrate": 41.57303370786517, "count": 89, "params": {"signal_threshold": 0.55, "hold_margin": 0.0, "min_confirmed_higher": 0, "sl_atr_mult": 0.8, "tp_atr_mult": 1.6, "max_bars_in_trade": 200}}}}
{"ts": "2025-10-28T11:55:04.048192", "level": "DEBUG", "phase": "optimize", "message": "tf 15m step 5/2160", "data": {"best": {"winrate": 41.57303370786517, "count": 89, "params": {"signal_threshold": 0.55, "hold_margin": 0.0, "min_confirmed_higher": 0, "sl_atr_mult": 0.8, "tp_atr_mult": 1.6, "max_bars_in_trade": 200}}}}
{"ts": "2025-10-28T11:55:14.098398", "level": "DEBUG", "phase": "optimize", "message": "tf 15m step 6/2160", "data": {"best": {"winrate": 41.57303370786517, "count": 89, "params": {"signal_threshold": 0.55, "hold_margin": 0.0, "min_confirmed_higher": 0, "sl_atr_mult": 0.8, "tp_atr_mult": 1.6, "max_bars_in_trade": 200}}}}
{"ts": "2025-10-28T11:55:24.186798", "level": "DEBUG", "phase": "optimize", "message": "tf 15m step 7/2160", "data": {"best": {"winrate": 41.57303370786517, "count": 89, "params": {"signal_threshold": 0.55, "hold_margin": 0.0, "min_confirmed_higher": 0, "sl_atr_mult": 0.8, "tp_atr_mult": 1.6, "max_bars_in_trade": 200}}}}
{"ts": "2025-10-28T11:55:34.230093", "level": "DEBUG", "phase": "optimize", "message": "tf 15m step 8/2160", "data": {"best": {"winrate": 41.57303370786517, "count": 89, "params": {"signal_threshold": 0.55, "hold_margin": 0.0, "min_confirmed_higher": 0, "sl_atr_mult": 0.8, "tp_atr_mult": 1.6, "max_bars_in_trade": 200}}}}
{"ts": "2025-10-28T11:55:44.414589", "level": "DEBUG", "phase": "optimize", "message": "tf 15m step 9/2160", "data": {"best": {"winrate": 41.57303370786517, "count": 89, "params": {"signal_threshold": 0.55, "hold_margin": 0.0, "min_confirmed_higher": 0, "sl_atr_mult": 0.8, "tp_atr_mult": 1.6, "max_bars_in_trade": 200}}}}
{"ts": "2025-10-28T11:55:54.341506", "level": "DEBUG", "phase": "optimize", "message": "tf 15m step 10/2160", "data": {"best": {"winrate": 41.57303370786517, "count": 89, "params": {"signal_threshold": 0.55, "hold_margin": 0.0, "min_confirmed_higher": 0, "sl_atr_mult": 0.8, "tp_atr_mult": 1.6, "max_bars_in_trade": 200}}}}
{"ts": "2025-10-28T11:56:04.336661", "level": "DEBUG", "phase": "optimize", "message": "tf 15m step 11/2160", "data": {"best": {"winrate": 41.57303370786517, "count": 89, "params": {"signal_threshold": 0.55, "hold_margin": 0.0, "min_confirmed_higher": 0, "sl_atr_mult": 0.8, "tp_atr_mult": 1.6, "max_bars_in_trade": 200}}}}
{"ts": "2025-10-28T11:56:14.365025", "level": "DEBUG", "phase": "optimize", "message": "tf 15m step 12/2160", "data": {"best": {"winrate": 41.57303370786517, "count": 89, "params": {"signal_threshold": 0.55, "hold_margin": 0.0, "min_confirmed_higher": 0, "sl_atr_mult": 0.8, "tp_atr_mult": 1.6, "max_bars_in_trade": 200}}}}
{"ts": "2025-10-28T11:56:24.404820", "level": "DEBUG", "phase": "optimize", "message": "tf 15m step 13/2160", "data": {"best": {"winrate": 44.086021505376344, "count": 93, "params": {"signal_threshold": 0.55, "hold_margin": 0.0, "min_confirmed_higher": 0, "sl_atr_mult": 1.0, "tp_atr_mult": 1.6, "max_bars_in_trade": 100}}}}
{"ts": "2025-10-28T11:56:34.462302", "level": "DEBUG", "phase": "optimize", "message": "tf 15m step 14/2160", "data": {"best": {"winrate": 44.44444444444444, "count": 90, "params": {"signal_threshold": 0.55, "hold_margin": 0.0, "min_confirmed_higher": 0, "sl_atr_mult": 1.0, "tp_atr_mult": 1.6, "max_bars_in_trade": 150}}}}
{"ts": "2025-10-28T11:56:45.113969", "level": "DEBUG", "phase": "optimize", "message": "tf 15m step 15/2160", "data": {"best": {"winrate": 45.97701149425287, "count": 87, "params": {"signal_threshold": 0.55, "hold_margin": 0.0, "min_confirmed_higher": 0, "sl_atr_mult": 1.0, "tp_atr_mult": 1.6, "max_bars_in_trade": 200}}}}
{"ts": "2025-10-28T11:56:58.420509", "level": "DEBUG", "phase": "optimize", "message": "tf 15m step 16/2160", "data": {"best": {"winrate": 45.97701149425287, "count": 87, "params": {"signal_threshold": 0.55, "hold_margin": 0.0, "min_confirmed_higher": 0, "sl_atr_mult": 1.0, "tp_atr_mult": 1.6, "max_bars_in_trade": 200}}}}
{"ts": "2025-10-28T11:57:14.419748", "level": "DEBUG", "phase": "optimize", "message": "tf 15m step 17/2160", "data": {"best": {"winrate": 45.97701149425287, "count": 87, "params": {"signal_threshold": 0.55, "hold_margin": 0.0, "min_confirmed_higher": 0, "sl_atr_mult": 1.0, "tp_atr_mult": 1.6, "max_bars_in_trade": 200}}}}
{"ts": "2025-10-28T11:57:24.629747", "level": "DEBUG", "phase": "optimize", "message": "tf 15m step 18/2160", "data": {"best": {"winrate": 45.97701149425287, "count": 87, "params": {"signal_threshold": 0.55, "hold_margin": 0.0, "min_confirmed_higher": 0, "sl_atr_mult": 1.0, "tp_atr_mult": 1.6, "max_bars_in_trade": 200}}}}
{"ts": "2025-10-28T11:57:34.726704", "level": "DEBUG", "phase": "optimize", "message": "tf 15m step 19/2160", "data": {"best": {"winrate": 45.97701149425287, "count": 87, "params": {"signal_threshold": 0.55, "hold_margin": 0.0, "min_confirmed_higher": 0, "sl_atr_mult": 1.0, "tp_atr_mult": 1.6, "max_bars_in_trade": 200}}}}
{"ts": "2025-10-28T11:57:44.977515", "level": "DEBUG", "phase": "optimize", "message": "tf 15m step 20/2160", "data": {"best": {"winrate": 45.97701149425287, "count": 87, "params": {"signal_threshold": 0.55, "hold_margin": 0.0, "min_confirmed_higher": 0, "sl_atr_mult": 1.0, "tp_atr_mult": 1.6, "max_bars_in_trade": 200}}}}
{"ts": "2025-10-28T11:57:58.544417", "level": "DEBUG", "phase": "optimize", "message": "tf 15m step 21/2160", "data": {"best": {"winrate": 45.97701149425287, "count": 87, "params": {"signal_threshold": 0.55, "hold_margin": 0.0, "min_confirmed_higher": 0, "sl_atr_mult": 1.0, "tp_atr_mult": 1.6, "max_bars_in_trade": 200}}}}
{"ts": "2025-10-28T11:58:14.725062", "level": "DEBUG", "phase": "optimize", "message": "tf 15m step 22/2160", "data": {"best": {"winrate": 45.97701149425287, "count": 87, "params": {"signal_threshold": 0.55, "hold_margin": 0.0, "min_confirmed_higher": 0, "sl_atr_mult": 1.0, "tp_atr_mult": 1.6, "max_bars_in_trade": 200}}}}
{"ts": "2025-10-28T11:58:25.037508", "level": "DEBUG", "phase": "optimize", "message": "tf 15m step 23/2160", "data": {"best": {"winrate": 45.97701149425287, "count": 87, "params": {"signal_threshold": 0.55, "hold_margin": 0.0, "min_confirmed_higher": 0, "sl_atr_mult": 1.0, "tp_atr_mult": 1.6, "max_bars_in_trade": 200}}}}
{"ts": "2025-10-28T11:58:35.419749", "level": "DEBUG", "phase": "optimize", "message": "tf 15m step 24/2160", "data": {"best": {"winrate": 45.97701149425287, "count": 87, "params": {"signal_threshold": 0.55, "hold_margin": 0.0, "min_confirmed_higher": 0, "sl_atr_mult": 1.0, "tp_atr_mult": 1.6, "max_bars_in_trade": 200}}}}
{"ts": "2025-10-28T11:58:45.648045", "level": "DEBUG", "phase": "optimize", "message": "tf 15m step 25/2160", "data": {"best": {"winrate": 50.0, "count": 86, "params": {"signal_threshold": 0.55, "hold_margin": 0.0, "min_confirmed_higher": 0, "sl_atr_mult": 1.2, "tp_atr_mult": 1.6, "max_bars_in_trade": 100}}}}
{"ts": "2025-10-28T11:58:55.717851", "level": "DEBUG", "phase": "optimize", "message": "tf 15m step 26/2160", "data": {"best": {"winrate": 50.602409638554214, "count": 83, "params": {"signal_threshold": 0.55, "hold_margin": 0.0, "min_confirmed_higher": 0, "sl_atr_mult": 1.2, "tp_atr_mult": 1.6, "max_bars_in_trade": 150}}}}
{"ts": "2025-10-28T11:59:05.976964", "level": "DEBUG", "phase": "optimize", "message": "tf 15m step 27/2160", "data": {"best": {"winrate": 54.43037974683544, "count": 79, "params": {"signal_threshold": 0.55, "hold_margin": 0.0, "min_confirmed_higher": 0, "sl_atr_mult": 1.2, "tp_atr_mult": 1.6, "max_bars_in_trade": 200}}}}
{"ts": "2025-10-28T11:59:16.509484", "level": "DEBUG", "phase": "optimize", "message": "tf 15m step 28/2160", "data": {"best": {"winrate": 54.54545454545454, "count": 77, "params": {"signal_threshold": 0.55, "hold_margin": 0.0, "min_confirmed_higher": 0, "sl_atr_mult": 1.2, "tp_atr_mult": 1.6, "max_bars_in_trade": 300}}}}
{"ts": "2025-10-28T11:59:26.903390", "level": "DEBUG", "phase": "optimize", "message": "tf 15m step 29/2160", "data": {"best": {"winrate": 54.54545454545454, "count": 77, "params": {"signal_threshold": 0.55, "hold_margin": 0.0, "min_confirmed_higher": 0, "sl_atr_mult": 1.2, "tp_atr_mult": 1.6, "max_bars_in_trade": 300}}}}
{"ts": "2025-10-28T11:59:37.069698", "level": "DEBUG", "phase": "optimize", "message": "tf 15m step 30/2160", "data": {"best": {"winrate": 54.54545454545454, "count": 77, "params": {"signal_threshold": 0.55, "hold_margin": 0.0, "min_confirmed_higher": 0, "sl_atr_mult": 1.2, "tp_atr_mult": 1.6, "max_bars_in_trade": 300}}}}
{"ts": "2025-10-28T11:59:47.177615", "level": "DEBUG", "phase": "optimize", "message": "tf 15m step 31/2160", "data": {"best": {"winrate": 54.54545454545454, "count": 77, "params": {"signal_threshold": 0.55, "hold_margin": 0.0, "min_confirmed_higher": 0, "sl_atr_mult": 1.2, "tp_atr_mult": 1.6, "max_bars_in_trade": 300}}}}
{"ts": "2025-10-28T11:59:57.601032", "level": "DEBUG", "phase": "optimize", "message": "tf 15m step 32/2160", "data": {"best": {"winrate": 54.54545454545454, "count": 77, "params": {"signal_threshold": 0.55, "hold_margin": 0.0, "min_confirmed_higher": 0, "sl_atr_mult": 1.2, "tp_atr_mult": 1.6, "max_bars_in_trade": 300}}}}
{"ts": "2025-10-28T12:00:07.911372", "level": "DEBUG", "phase": "optimize", "message": "tf 15m step 33/2160", "data": {"best": {"winrate": 54.54545454545454, "count": 77, "params": {"signal_threshold": 0.55, "hold_margin": 0.0, "min_confirmed_higher": 0, "sl_atr_mult": 1.2, "tp_atr_mult": 1.6, "max_bars_in_trade": 300}}}}
{"ts": "2025-10-28T12:00:18.125137", "level": "DEBUG", "phase": "optimize", "message": "tf 15m step 34/2160", "data": {"best": {"winrate": 54.54545454545454, "count": 77, "params": {"signal_threshold": 0.55, "hold_margin": 0.0, "min_confirmed_higher": 0, "sl_atr_mult": 1.2, "tp_atr_mult": 1.6, "max_bars_in_trade": 300}}}}
{"ts": "2025-10-28T12:00:28.270411", "level": "DEBUG", "phase": "optimize", "message": "tf 15m step 35/2160", "data": {"best": {"winrate": 54.54545454545454, "count": 77, "params": {"signal_threshold": 0.55, "hold_margin": 0.0, "min_confirmed_higher": 0, "sl_atr_mult": 1.2, "tp_atr_mult": 1.6, "max_bars_in_trade": 300}}}}
{"ts": "2025-10-28T12:00:38.311234", "level": "DEBUG", "phase": "optimize", "message": "tf 15m step 36/2160", "data": {"best": {"winrate": 54.54545454545454, "count": 77, "params": {"signal_threshold": 0.55, "hold_margin": 0.0, "min_confirmed_higher": 0, "sl_atr_mult": 1.2, "tp_atr_mult": 1.6, "max_bars_in_trade": 300}}}}
{"ts": "2025-10-28T12:00:48.316534", "level": "DEBUG", "phase": "optimize", "message": "tf 15m step 37/2160", "data": {"best": {"winrate": 54.54545454545454, "count": 77, "params": {"signal_threshold": 0.55, "hold_margin": 0.0, "min_confirmed_higher": 0, "sl_atr_mult": 1.2, "tp_atr_mult": 1.6, "max_bars_in_trade": 300}}}}
{"ts": "2025-10-28T12:00:58.249366", "level": "DEBUG", "phase": "optimize", "message": "tf 15m step 38/2160", "data": {"best": {"winrate": 54.54545454545454, "count": 77, "params": {"signal_threshold": 0.55, "hold_margin": 0.0, "min_confirmed_higher": 0, "sl_atr_mult": 1.2, "tp_atr_mult": 1.6, "max_bars_in_trade": 300}}}}
{"ts": "2025-10-28T12:01:08.197370", "level": "DEBUG", "phase": "optimize", "message": "tf 15m step 39/2160", "data": {"best": {"winrate": 54.54545454545454, "count": 77, "params": {"signal_threshold": 0.55, "hold_margin": 0.0, "min_confirmed_higher": 0, "sl_atr_mult": 1.2, "tp_atr_mult": 1.6, "max_bars_in_trade": 300}}}}
{"ts": "2025-10-28T12:01:18.285688", "level": "DEBUG", "phase": "optimize", "message": "tf 15m step 40/2160", "data": {"best": {"winrate": 54.54545454545454, "count": 77, "params": {"signal_threshold": 0.55, "hold_margin": 0.0, "min_confirmed_higher": 0, "sl_atr_mult": 1.2, "tp_atr_mult": 1.6, "max_bars_in_trade": 300}}}}
{"ts": "2025-10-28T12:01:28.471292", "level": "DEBUG", "phase": "optimize", "message": "tf 15m step 41/2160", "data": {"best": {"winrate": 54.54545454545454, "count": 77, "params": {"signal_threshold": 0.55, "hold_margin": 0.0, "min_confirmed_higher": 0, "sl_atr_mult": 1.2, "tp_atr_mult": 1.6, "max_bars_in_trade": 300}}}}
{"ts": "2025-10-28T12:01:38.786956", "level": "DEBUG", "phase": "optimize", "message": "tf 15m step 42/2160", "data": {"best": {"winrate": 54.54545454545454, "count": 77, "params": {"signal_threshold": 0.55, "hold_margin": 0.0, "min_confirmed_higher": 0, "sl_atr_mult": 1.2, "tp_atr_mult": 1.6, "max_bars_in_trade": 300}}}}
{"ts": "2025-10-28T12:01:48.872934", "level": "DEBUG", "phase": "optimize", "message": "tf 15m step 43/2160", "data": {"best": {"winrate": 54.54545454545454, "count": 77, "params": {"signal_threshold": 0.55, "hold_margin": 0.0, "min_confirmed_higher": 0, "sl_atr_mult": 1.2, "tp_atr_mult": 1.6, "max_bars_in_trade": 300}}}}
{"ts": "2025-10-28T12:01:58.955001", "level": "DEBUG", "phase": "optimize", "message": "tf 15m step 44/2160", "data": {"best": {"winrate": 54.54545454545454, "count": 77, "params": {"signal_threshold": 0.55, "hold_margin": 0.0, "min_confirmed_higher": 0, "sl_atr_mult": 1.2, "tp_atr_mult": 1.6, "max_bars_in_trade": 300}}}}
{"ts": "2025-10-28T12:02:08.963926", "level": "DEBUG", "phase": "optimize", "message": "tf 15m step 45/2160", "data": {"best": {"winrate": 54.54545454545454, "count": 77, "params": {"signal_threshold": 0.55, "hold_margin": 0.0, "min_confirmed_higher": 0, "sl_atr_mult": 1.2, "tp_atr_mult": 1.6, "max_bars_in_trade": 300}}}}
{"ts": "2025-10-28T12:02:19.076752", "level": "DEBUG", "phase": "optimize", "message": "tf 15m step 46/2160", "data": {"best": {"winrate": 54.54545454545454, "count": 77, "params": {"signal_threshold": 0.55, "hold_margin": 0.0, "min_confirmed_higher": 0, "sl_atr_mult": 1.2, "tp_atr_mult": 1.6, "max_bars_in_trade": 300}}}}
{"ts": "2025-10-28T12:02:29.099918", "level": "DEBUG", "phase": "optimize", "message": "tf 15m step 47/2160", "data": {"best": {"winrate": 54.54545454545454, "count": 77, "params": {"signal_threshold": 0.55, "hold_margin": 0.0, "min_confirmed_higher": 0, "sl_atr_mult": 1.2, "tp_atr_mult": 1.6, "max_bars_in_trade": 300}}}}
{"ts": "2025-10-28T12:02:39.127983", "level": "DEBUG", "phase": "optimize", "message": "tf 15m step 48/2160", "data": {"best": {"winrate": 54.54545454545454, "count": 77, "params": {"signal_threshold": 0.55, "hold_margin": 0.0, "min_confirmed_higher": 0, "sl_atr_mult": 1.2, "tp_atr_mult": 1.6, "max_bars_in_trade": 300}}}}
{"ts": "2025-10-28T12:02:49.178225", "level": "DEBUG", "phase": "optimize", "message": "tf 15m step 49/2160", "data": {"best": {"winrate": 54.54545454545454, "count": 77, "params": {"signal_threshold": 0.55, "hold_margin": 0.0, "min_confirmed_higher": 0, "sl_atr_mult": 1.2, "tp_atr_mult": 1.6, "max_bars_in_trade": 300}}}}
{"ts": "2025-10-28T12:02:59.184112", "level": "DEBUG", "phase": "optimize", "message": "tf 15m step 50/2160", "data": {"best": {"winrate": 54.54545454545454, "count": 77, "params": {"signal_threshold": 0.55, "hold_margin": 0.0, "min_confirmed_higher": 0, "sl_atr_mult": 1.2, "tp_atr_mult": 1.6, "max_bars_in_trade": 300}}}}
{"ts": "2025-10-28T12:03:09.187571", "level": "DEBUG", "phase": "optimize", "message": "tf 15m step 51/2160", "data": {"best": {"winrate": 54.54545454545454, "count": 77, "params": {"signal_threshold": 0.55, "hold_margin": 0.0, "min_confirmed_higher": 0, "sl_atr_mult": 1.2, "tp_atr_mult": 1.6, "max_bars_in_trade": 300}}}}
{"ts": "2025-10-28T12:03:19.318686", "level": "DEBUG", "phase": "optimize", "message": "tf 15m step 52/2160", "data": {"best": {"winrate": 54.54545454545454, "count": 77, "params": {"signal_threshold": 0.55, "hold_margin": 0.0, "min_confirmed_higher": 0, "sl_atr_mult": 1.2, "tp_atr_mult": 1.6, "max_bars_in_trade": 300}}}}
{"ts": "2025-10-28T12:03:29.476166", "level": "DEBUG", "phase": "optimize", "message": "tf 15m step 53/2160", "data": {"best": {"winrate": 54.54545454545454, "count": 77, "params": {"signal_threshold": 0.55, "hold_margin": 0.0, "min_confirmed_higher": 0, "sl_atr_mult": 1.2, "tp_atr_mult": 1.6, "max_bars_in_trade": 300}}}}
{"ts": "2025-10-28T12:03:39.559204", "level": "DEBUG", "phase": "optimize", "message": "tf 15m step 54/2160", "data": {"best": {"winrate": 54.54545454545454, "count": 77, "params": {"signal_threshold": 0.55, "hold_margin": 0.0, "min_confirmed_higher": 0, "sl_atr_mult": 1.2, "tp_atr_mult": 1.6, "max_bars_in_trade": 300}}}}
{"ts": "2025-10-28T12:03:49.625977", "level": "DEBUG", "phase": "optimize", "message": "tf 15m step 55/2160", "data": {"best": {"winrate": 54.54545454545454, "count": 77, "params": {"signal_threshold": 0.55, "hold_margin": 0.0, "min_confirmed_higher": 0, "sl_atr_mult": 1.2, "tp_atr_mult": 1.6, "max_bars_in_trade": 300}}}}
{"ts": "2025-10-28T12:04:00.072142", "level": "DEBUG", "phase": "optimize", "message": "tf 15m step 56/2160", "data": {"best": {"winrate": 54.54545454545454, "count": 77, "params": {"signal_threshold": 0.55, "hold_margin": 0.0, "min_confirmed_higher": 0, "sl_atr_mult": 1.2, "tp_atr_mult": 1.6, "max_bars_in_trade": 300}}}}
{"ts": "2025-10-28T12:04:10.479074", "level": "DEBUG", "phase": "optimize", "message": "tf 15m step 57/2160", "data": {"best": {"winrate": 54.54545454545454, "count": 77, "params": {"signal_threshold": 0.55, "hold_margin": 0.0, "min_confirmed_higher": 0, "sl_atr_mult": 1.2, "tp_atr_mult": 1.6, "max_bars_in_trade": 300}}}}
{"ts": "2025-10-28T12:04:20.990710", "level": "DEBUG", "phase": "optimize", "message": "tf 15m step 58/2160", "data": {"best": {"winrate": 54.54545454545454, "count": 77, "params": {"signal_threshold": 0.55, "hold_margin": 0.0, "min_confirmed_higher": 0, "sl_atr_mult": 1.2, "tp_atr_mult": 1.6, "max_bars_in_trade": 300}}}}
{"ts": "2025-10-28T12:04:31.559742", "level": "DEBUG", "phase": "optimize", "message": "tf 15m step 59/2160", "data": {"best": {"winrate": 54.54545454545454, "count": 77, "params": {"signal_threshold": 0.55, "hold_margin": 0.0, "min_confirmed_higher": 0, "sl_atr_mult": 1.2, "tp_atr_mult": 1.6, "max_bars_in_trade": 300}}}}
{"ts": "2025-10-28T12:04:42.133922", "level": "DEBUG", "phase": "optimize", "message": "tf 15m step 60/2160", "data": {"best": {"winrate": 54.54545454545454, "count": 77, "params": {"signal_threshold": 0.55, "hold_margin": 0.0, "min_confirmed_higher": 0, "sl_atr_mult": 1.2, "tp_atr_mult": 1.6, "max_bars_in_trade": 300}}}}
{"ts": "2025-10-28T12:04:52.657830", "level": "DEBUG", "phase": "optimize", "message": "tf 15m step 61/2160", "data": {"best": {"winrate": 54.54545454545454, "count": 77, "params": {"signal_threshold": 0.55, "hold_margin": 0.0, "min_confirmed_higher": 0, "sl_atr_mult": 1.2, "tp_atr_mult": 1.6, "max_bars_in_trade": 300}}}}
{"ts": "2025-10-28T12:05:03.166441", "level": "DEBUG", "phase": "optimize", "message": "tf 15m step 62/2160", "data": {"best": {"winrate": 54.54545454545454, "count": 77, "params": {"signal_threshold": 0.55, "hold_margin": 0.0, "min_confirmed_higher": 0, "sl_atr_mult": 1.2, "tp_atr_mult": 1.6, "max_bars_in_trade": 300}}}}
{"ts": "2025-10-28T12:05:13.525342", "level": "DEBUG", "phase": "optimize", "message": "tf 15m step 63/2160", "data": {"best": {"winrate": 54.54545454545454, "count": 77, "params": {"signal_threshold": 0.55, "hold_margin": 0.0, "min_confirmed_higher": 0, "sl_atr_mult": 1.2, "tp_atr_mult": 1.6, "max_bars_in_trade": 300}}}}
{"ts": "2025-10-28T12:05:24.126427", "level": "DEBUG", "phase": "optimize", "message": "tf 15m step 64/2160", "data": {"best": {"winrate": 54.54545454545454, "count": 77, "params": {"signal_threshold": 0.55, "hold_margin": 0.0, "min_confirmed_higher": 0, "sl_atr_mult": 1.2, "tp_atr_mult": 1.6, "max_bars_in_trade": 300}}}}
{"ts": "2025-10-28T12:05:34.486196", "level": "DEBUG", "phase": "optimize", "message": "tf 15m step 65/2160", "data": {"best": {"winrate": 54.54545454545454, "count": 77, "params": {"signal_threshold": 0.55, "hold_margin": 0.0, "min_confirmed_higher": 0, "sl_atr_mult": 1.2, "tp_atr_mult": 1.6, "max_bars_in_trade": 300}}}}
{"ts": "2025-10-28T12:05:44.824886", "level": "DEBUG", "phase": "optimize", "message": "tf 15m step 66/2160", "data": {"best": {"winrate": 54.54545454545454, "count": 77, "params": {"signal_threshold": 0.55, "hold_margin": 0.0, "min_confirmed_higher": 0, "sl_atr_mult": 1.2, "tp_atr_mult": 1.6, "max_bars_in_trade": 300}}}}
{"ts": "2025-10-28T12:05:54.909049", "level": "DEBUG", "phase": "optimize", "message": "tf 15m step 67/2160", "data": {"best": {"winrate": 54.54545454545454, "count": 77, "params": {"signal_threshold": 0.55, "hold_margin": 0.0, "min_confirmed_higher": 0, "sl_atr_mult": 1.2, "tp_atr_mult": 1.6, "max_bars_in_trade": 300}}}}
{"ts": "2025-10-28T12:06:05.163271", "level": "DEBUG", "phase": "optimize", "message": "tf 15m step 68/2160", "data": {"best": {"winrate": 54.54545454545454, "count": 77, "params": {"signal_threshold": 0.55, "hold_margin": 0.0, "min_confirmed_higher": 0, "sl_atr_mult": 1.2, "tp_atr_mult": 1.6, "max_bars_in_trade": 300}}}}
{"ts": "2025-10-28T12:06:15.515559", "level": "DEBUG", "phase": "optimize", "message": "tf 15m step 69/2160", "data": {"best": {"winrate": 54.54545454545454, "count": 77, "params": {"signal_threshold": 0.55, "hold_margin": 0.0, "min_confirmed_higher": 0, "sl_atr_mult": 1.2, "tp_atr_mult": 1.6, "max_bars_in_trade": 300}}}}
{"ts": "2025-10-28T12:06:25.619706", "level": "DEBUG", "phase": "optimize", "message": "tf 15m step 70/2160", "data": {"best": {"winrate": 54.54545454545454, "count": 77, "params": {"signal_threshold": 0.55, "hold_margin": 0.0, "min_confirmed_higher": 0, "sl_atr_mult": 1.2, "tp_atr_mult": 1.6, "max_bars_in_trade": 300}}}}
{"ts": "2025-10-28T12:06:35.620742", "level": "DEBUG", "phase": "optimize", "message": "tf 15m step 71/2160", "data": {"best": {"winrate": 54.54545454545454, "count": 77, "params": {"signal_threshold": 0.55, "hold_margin": 0.0, "min_confirmed_higher": 0, "sl_atr_mult": 1.2, "tp_atr_mult": 1.6, "max_bars_in_trade": 300}}}}
{"ts": "2025-10-28T12:06:46.450116", "level": "DEBUG", "phase": "optimize", "message": "tf 15m step 72/2160", "data": {"best": {"winrate": 54.54545454545454, "count": 77, "params": {"signal_threshold": 0.55, "hold_margin": 0.0, "min_confirmed_higher": 0, "sl_atr_mult": 1.2, "tp_atr_mult": 1.6, "max_bars_in_trade": 300}}}}
{"ts": "2025-10-28T12:06:57.135315", "level": "DEBUG", "phase": "optimize", "message": "tf 15m step 73/2160", "data": {"best": {"winrate": 54.54545454545454, "count": 77, "params": {"signal_threshold": 0.55, "hold_margin": 0.0, "min_confirmed_higher": 0, "sl_atr_mult": 1.2, "tp_atr_mult": 1.6, "max_bars_in_trade": 300}}}}
{"ts": "2025-10-28T12:07:07.966349", "level": "DEBUG", "phase": "optimize", "message": "tf 15m step 74/2160", "data": {"best": {"winrate": 54.54545454545454, "count": 77, "params": {"signal_threshold": 0.55, "hold_margin": 0.0, "min_confirmed_higher": 0, "sl_atr_mult": 1.2, "tp_atr_mult": 1.6, "max_bars_in_trade": 300}}}}
{"ts": "2025-10-28T12:07:18.835409", "level": "DEBUG", "phase": "optimize", "message": "tf 15m step 75/2160", "data": {"best": {"winrate": 54.54545454545454, "count": 77, "params": {"signal_threshold": 0.55, "hold_margin": 0.0, "min_confirmed_higher": 0, "sl_atr_mult": 1.2, "tp_atr_mult": 1.6, "max_bars_in_trade": 300}}}}
{"ts": "2025-10-28T12:07:29.563690", "level": "DEBUG", "phase": "optimize", "message": "tf 15m step 76/2160", "data": {"best": {"winrate": 54.54545454545454, "count": 77, "params": {"signal_threshold": 0.55, "hold_margin": 0.0, "min_confirmed_higher": 0, "sl_atr_mult": 1.2, "tp_atr_mult": 1.6, "max_bars_in_trade": 300}}}}
{"ts": "2025-10-28T12:07:40.243795", "level": "DEBUG", "phase": "optimize", "message": "tf 15m step 77/2160", "data": {"best": {"winrate": 54.54545454545454, "count": 77, "params": {"signal_threshold": 0.55, "hold_margin": 0.0, "min_confirmed_higher": 0, "sl_atr_mult": 1.2, "tp_atr_mult": 1.6, "max_bars_in_trade": 300}}}}
{"ts": "2025-10-28T12:07:51.088902", "level": "DEBUG", "phase": "optimize", "message": "tf 15m step 78/2160", "data": {"best": {"winrate": 54.54545454545454, "count": 77, "params": {"signal_threshold": 0.55, "hold_margin": 0.0, "min_confirmed_higher": 0, "sl_atr_mult": 1.2, "tp_atr_mult": 1.6, "max_bars_in_trade": 300}}}}
{"ts": "2025-10-28T12:08:01.989045", "level": "DEBUG", "phase": "optimize", "message": "tf 15m step 79/2160", "data": {"best": {"winrate": 54.54545454545454, "count": 77, "params": {"signal_threshold": 0.55, "hold_margin": 0.0, "min_confirmed_higher": 0, "sl_atr_mult": 1.2, "tp_atr_mult": 1.6, "max_bars_in_trade": 300}}}}
{"ts": "2025-10-28T12:08:12.552261", "level": "DEBUG", "phase": "optimize", "message": "tf 15m step 80/2160", "data": {"best": {"winrate": 54.54545454545454, "count": 77, "params": {"signal_threshold": 0.55, "hold_margin": 0.0, "min_confirmed_higher": 0, "sl_atr_mult": 1.2, "tp_atr_mult": 1.6, "max_bars_in_trade": 300}}}}
{"ts": "2025-10-28T12:08:22.696963", "level": "DEBUG", "phase": "optimize", "message": "tf 15m step 81/2160", "data": {"best": {"winrate": 54.54545454545454, "count": 77, "params": {"signal_threshold": 0.55, "hold_margin": 0.0, "min_confirmed_higher": 0, "sl_atr_mult": 1.2, "tp_atr_mult": 1.6, "max_bars_in_trade": 300}}}}
{"ts": "2025-10-28T12:08:32.906148", "level": "DEBUG", "phase": "optimize", "message": "tf 15m step 82/2160", "data": {"best": {"winrate": 54.54545454545454, "count": 77, "params": {"signal_threshold": 0.55, "hold_margin": 0.0, "min_confirmed_higher": 0, "sl_atr_mult": 1.2, "tp_atr_mult": 1.6, "max_bars_in_trade": 300}}}}
{"ts": "2025-10-28T12:08:42.825547", "level": "DEBUG", "phase": "optimize", "message": "tf 15m step 83/2160", "data": {"best": {"winrate": 54.54545454545454, "count": 77, "params": {"signal_threshold": 0.55, "hold_margin": 0.0, "min_confirmed_higher": 0, "sl_atr_mult": 1.2, "tp_atr_mult": 1.6, "max_bars_in_trade": 300}}}}
{"ts": "2025-10-28T12:08:52.997831", "level": "DEBUG", "phase": "optimize", "message": "tf 15m step 84/2160", "data": {"best": {"winrate": 54.54545454545454, "count": 77, "params": {"signal_threshold": 0.55, "hold_margin": 0.0, "min_confirmed_higher": 0, "sl_atr_mult": 1.2, "tp_atr_mult": 1.6, "max_bars_in_trade": 300}}}}
{"ts": "2025-10-28T12:09:03.142755", "level": "DEBUG", "phase": "optimize", "message": "tf 15m step 85/2160", "data": {"best": {"winrate": 54.54545454545454, "count": 77, "params": {"signal_threshold": 0.55, "hold_margin": 0.0, "min_confirmed_higher": 0, "sl_atr_mult": 1.2, "tp_atr_mult": 1.6, "max_bars_in_trade": 300}}}}
{"ts": "2025-10-28T12:09:13.339964", "level": "DEBUG", "phase": "optimize", "message": "tf 15m step 86/2160", "data": {"best": {"winrate": 54.54545454545454, "count": 77, "params": {"signal_threshold": 0.55, "hold_margin": 0.0, "min_confirmed_higher": 0, "sl_atr_mult": 1.2, "tp_atr_mult": 1.6, "max_bars_in_trade": 300}}}}
{"ts": "2025-10-28T12:09:23.320284", "level": "DEBUG", "phase": "optimize", "message": "tf 15m step 87/2160", "data": {"best": {"winrate": 54.54545454545454, "count": 77, "params": {"signal_threshold": 0.55, "hold_margin": 0.0, "min_confirmed_higher": 0, "sl_atr_mult": 1.2, "tp_atr_mult": 1.6, "max_bars_in_trade": 300}}}}
{"ts": "2025-10-28T12:09:33.360585", "level": "DEBUG", "phase": "optimize", "message": "tf 15m step 88/2160", "data": {"best": {"winrate": 54.54545454545454, "count": 77, "params": {"signal_threshold": 0.55, "hold_margin": 0.0, "min_confirmed_higher": 0, "sl_atr_mult": 1.2, "tp_atr_mult": 1.6, "max_bars_in_trade": 300}}}}
{"ts": "2025-10-29T14:35:57.662890", "level": "INFO", "phase": "sync", "message": "history sync start BTC/USDT tfs=['15m', '1h', '4h', '1d', '1w'] years=1 mode=auto", "data": {}}
{"ts": "2025-10-29T14:35:57.676927", "level": "INFO", "phase": "sync", "message": "fetch BTC/USDT 15m", "data": {}}
{"ts": "2025-10-29T14:35:58.020282", "level": "INFO", "phase": "sync", "message": "fetch BTC/USDT 1h", "data": {}}
{"ts": "2025-10-29T14:35:58.362084", "level": "INFO", "phase": "sync", "message": "fetch BTC/USDT 4h", "data": {}}
{"ts": "2025-10-29T14:35:58.732089", "level": "INFO", "phase": "sync", "message": "fetch BTC/USDT 1d", "data": {}}
{"ts": "2025-10-29T14:35:59.077044", "level": "INFO", "phase": "sync", "message": "fetch BTC/USDT 1w", "data": {}}
{"ts": "2025-10-29T14:35:59.417073", "level": "INFO", "phase": "sync", "message": "history sync complete", "data": {}}
{"ts": "2025-10-29T14:35:59.425456", "level": "INFO", "phase": "train", "message": "train start BTC/USDT tfs=['15m', '1h', '4h', '1d', '1w'] mode=auto", "data": {}}
{"ts": "2025-10-29T14:35:59.481416", "level": "INFO", "phase": "train", "message": "train complete BTC/USDT", "data": {}}
{"ts": "2025-10-29T14:35:59.490711", "level": "INFO", "phase": "optimize", "message": "opt start BTC/USDT tfs=['15m', '1h', '4h', '1d', '1w']", "data": {"workers": 24}}
{"ts": "2025-10-29T14:36:20.566423", "level": "DEBUG", "phase": "optimize", "message": "tf 15m step 50/2304", "data": {"best": null}}
{"ts": "2025-10-29T14:36:44.781927", "level": "DEBUG", "phase": "optimize", "message": "tf 15m step 100/2304", "data": {"best": null}}
{"ts": "2025-10-29T14:37:30.141854", "level": "DEBUG", "phase": "optimize", "message": "tf 15m step 150/2304", "data": {"best": null}}
{"ts": "2025-10-29T14:38:15.200303", "level": "DEBUG", "phase": "optimize", "message": "tf 15m step 200/2304", "data": {"best": null}}
{"ts": "2025-10-29T14:39:00.313995", "level": "DEBUG", "phase": "optimize", "message": "tf 15m step 250/2304", "data": {"best": null}}
{"ts": "2025-10-29T14:39:00.343409", "level": "DEBUG", "phase": "optimize", "message": "tf 15m step 2304/2304", "data": {"best": null}}
{"ts": "2025-10-29T14:39:00.356855", "level": "INFO", "phase": "optimize", "message": "tf 15m finished", "data": {"tf": "15m"}}
{"ts": "2025-10-29T14:39:27.951828", "level": "DEBUG", "phase": "optimize", "message": "tf 1h step 50/2304", "data": {"best": null}}
{"ts": "2025-10-29T14:40:00.250021", "level": "DEBUG", "phase": "optimize", "message": "tf 1h step 100/2304", "data": {"best": null}}
{"ts": "2025-10-29T14:40:40.963856", "level": "DEBUG", "phase": "optimize", "message": "tf 1h step 150/2304", "data": {"best": null}}
{"ts": "2025-10-29T14:41:20.459813", "level": "DEBUG", "phase": "optimize", "message": "tf 1h step 200/2304", "data": {"best": null}}
{"ts": "2025-10-29T14:41:58.130324", "level": "DEBUG", "phase": "optimize", "message": "tf 1h step 250/2304", "data": {"best": null}}
{"ts": "2025-10-29T14:42:01.857228", "level": "DEBUG", "phase": "optimize", "message": "tf 1h step 2304/2304", "data": {"best": null}}
{"ts": "2025-10-29T14:42:01.868434", "level": "INFO", "phase": "optimize", "message": "tf 1h finished", "data": {"tf": "1h"}}
{"ts": "2025-10-29T14:42:19.423253", "level": "DEBUG", "phase": "optimize", "message": "tf 4h step 50/2304", "data": {"best": null}}
{"ts": "2025-10-29T14:42:34.896570", "level": "DEBUG", "phase": "optimize", "message": "tf 4h step 100/2304", "data": {"best": null}}
{"ts": "2025-10-29T14:42:49.333992", "level": "DEBUG", "phase": "optimize", "message": "tf 4h step 150/2304", "data": {"best": null}}
{"ts": "2025-10-29T14:43:05.703985", "level": "DEBUG", "phase": "optimize", "message": "tf 4h step 200/2304", "data": {"best": null}}
{"ts": "2025-10-29T14:43:21.901695", "level": "DEBUG", "phase": "optimize", "message": "tf 4h step 250/2304", "data": {"best": null}}
{"ts": "2025-10-29T14:43:38.478654", "level": "DEBUG", "phase": "optimize", "message": "tf 4h step 300/2304", "data": {"best": null}}
{"ts": "2025-10-29T14:43:38.500645", "level": "DEBUG", "phase": "optimize", "message": "tf 4h step 300/2304", "data": {"best": null}}
{"ts": "2025-10-29T14:43:38.519853", "level": "DEBUG", "phase": "optimize", "message": "tf 4h step 2304/2304", "data": {"best": null}}
{"ts": "2025-10-29T14:43:38.528850", "level": "INFO", "phase": "optimize", "message": "tf 4h finished", "data": {"tf": "4h"}}
{"ts": "2025-10-29T14:43:44.331757", "level": "DEBUG", "phase": "optimize", "message": "tf 1d step 50/2304", "data": {"best": null}}
{"ts": "2025-10-29T14:43:48.628962", "level": "DEBUG", "phase": "optimize", "message": "tf 1d step 100/2304", "data": {"best": null}}
{"ts": "2025-10-29T14:43:52.977062", "level": "DEBUG", "phase": "optimize", "message": "tf 1d step 150/2304", "data": {"best": null}}
{"ts": "2025-10-29T14:43:57.168612", "level": "DEBUG", "phase": "optimize", "message": "tf 1d step 200/2304", "data": {"best": null}}
{"ts": "2025-10-29T14:44:01.400568", "level": "DEBUG", "phase": "optimize", "message": "tf 1d step 250/2304", "data": {"best": null}}
{"ts": "2025-10-29T14:44:05.912177", "level": "DEBUG", "phase": "optimize", "message": "tf 1d step 300/2304", "data": {"best": null}}
{"ts": "2025-10-29T14:44:05.935292", "level": "DEBUG", "phase": "optimize", "message": "tf 1d step 300/2304", "data": {"best": null}}
{"ts": "2025-10-29T14:44:05.960329", "level": "DEBUG", "phase": "optimize", "message": "tf 1d step 2304/2304", "data": {"best": null}}
{"ts": "2025-10-29T14:44:05.971424", "level": "INFO", "phase": "optimize", "message": "tf 1d finished", "data": {"tf": "1d"}}
{"ts": "2025-10-29T14:44:08.624194", "level": "DEBUG", "phase": "optimize", "message": "tf 1w step 50/2304", "data": {"best": null}}
{"ts": "2025-10-29T14:44:09.758812", "level": "DEBUG", "phase": "optimize", "message": "tf 1w step 100/2304", "data": {"best": null}}
{"ts": "2025-10-29T14:44:10.907334", "level": "DEBUG", "phase": "optimize", "message": "tf 1w step 150/2304", "data": {"best": null}}
{"ts": "2025-10-29T14:44:11.527299", "level": "DEBUG", "phase": "optimize", "message": "tf 1w step 200/2304", "data": {"best": null}}
{"ts": "2025-10-29T14:44:12.075786", "level": "DEBUG", "phase": "optimize", "message": "tf 1w step 250/2304", "data": {"best": null}}
{"ts": "2025-10-29T14:44:12.835582", "level": "DEBUG", "phase": "optimize", "message": "tf 1w step 300/2304", "data": {"best": null}}
{"ts": "2025-10-29T14:44:12.844717", "level": "DEBUG", "phase": "optimize", "message": "tf 1w step 300/2304", "data": {"best": null}}
{"ts": "2025-10-29T14:44:12.854824", "level": "DEBUG", "phase": "optimize", "message": "tf 1w step 2304/2304", "data": {"best": null}}
{"ts": "2025-10-29T14:44:12.859356", "level": "INFO", "phase": "optimize", "message": "tf 1w finished", "data": {"tf": "1w"}}
{"ts": "2025-10-29T14:44:12.878193", "level": "INFO", "phase": "optimize", "message": "opt complete BTC/USDT", "data": {}}
{"ts": "2025-10-29T14:44:12.890409", "level": "INFO", "phase": "backtest", "message": "start post-backtest parallel for ['15m', '1h', '4h', '1d', '1w']", "data": {"workers": 5, "timeout_sec": 120}}
{"ts": "2025-10-29T14:44:16.929420", "level": "INFO", "phase": "backtest", "message": "done backtest BTC/USDT 1w", "data": {"stats": {"count": 0, "winrate": 0.0}}}
{"ts": "2025-10-29T14:44:16.987125", "level": "INFO", "phase": "backtest", "message": "done backtest BTC/USDT 1d", "data": {"stats": {"count": 0, "winrate": 0.0}}}
{"ts": "2025-10-29T14:44:17.280042", "level": "INFO", "phase": "backtest", "message": "done backtest BTC/USDT 4h", "data": {"stats": {"count": 0, "winrate": 0.0}}}
{"ts": "2025-10-29T14:44:18.108921", "level": "INFO", "phase": "backtest", "message": "done backtest BTC/USDT 1h", "data": {"stats": {"count": 0, "winrate": 0.0}}}
{"ts": "2025-10-29T14:44:18.865207", "level": "INFO", "phase": "backtest", "message": "done backtest BTC/USDT 15m", "data": {"stats": {"count": 0, "winrate": 0.0}}}
{"ts": "2025-10-29T14:44:18.882798", "level": "INFO", "phase": "final", "message": "training pipeline completed", "data": {"symbol": "BTC/USDT", "tfs": ["15m", "1h", "4h", "1d", "1w"]}}
